Test (3A): initial election ...
2024/12/11 16:34:40 2 节点超时，开始新一轮的选举，任期 Term = 0
2024/12/11 16:34:40 Candidate 2 节点向 0 节点发送选票请求，当前 Term：1
2024/12/11 16:34:40 Candidate 2 节点向 1 节点发送选票请求，当前 Term：1
2024/12/11 16:34:40 0 节点 收到来自 Candidate 2 的选票请求，当前支持的是 -1
2024/12/11 16:34:40 1 节点 收到来自 Candidate 2 的选票请求，当前支持的是 -1
2024/12/11 16:34:40 Candidate 2 节点收到 0 的回复，投票结果是 true
2024/12/11 16:34:40 Candidate 2 节点收到 1 的回复，投票结果是 true
2024/12/11 16:34:40 2 赢得了选举, 作为 Leader 的任期 Term 是 1
2024/12/11 16:34:40 Leader 2 第 1 次 发送心跳
2024/12/11 16:34:40 0 节点 收到来自 Leader 2 的附加日志请求
2024/12/11 16:34:40 0 节点因为 心跳/附加日志 重置了自己的心跳
2024/12/11 16:34:40 1 节点 收到来自 Leader 2 的附加日志请求
2024/12/11 16:34:40 1 节点因为 心跳/附加日志 重置了自己的心跳
2024/12/11 16:34:40 Leader 2 第 2 次 发送心跳
2024/12/11 16:34:40 0 节点 收到来自 Leader 2 的附加日志请求
2024/12/11 16:34:40 0 节点因为 心跳/附加日志 重置了自己的心跳
2024/12/11 16:34:40 1 节点 收到来自 Leader 2 的附加日志请求
2024/12/11 16:34:40 1 节点因为 心跳/附加日志 重置了自己的心跳
2024/12/11 16:34:41 Leader 2 第 3 次 发送心跳
2024/12/11 16:34:41 1 节点 收到来自 Leader 2 的附加日志请求
2024/12/11 16:34:41 1 节点因为 心跳/附加日志 重置了自己的心跳
2024/12/11 16:34:41 0 节点 收到来自 Leader 2 的附加日志请求
2024/12/11 16:34:41 0 节点因为 心跳/附加日志 重置了自己的心跳
2024/12/11 16:34:41 Leader 2 第 4 次 发送心跳
2024/12/11 16:34:41 0 节点 收到来自 Leader 2 的附加日志请求
2024/12/11 16:34:41 0 节点因为 心跳/附加日志 重置了自己的心跳
2024/12/11 16:34:41 1 节点 收到来自 Leader 2 的附加日志请求
2024/12/11 16:34:41 1 节点因为 心跳/附加日志 重置了自己的心跳
2024/12/11 16:34:41 Leader 2 第 5 次 发送心跳
2024/12/11 16:34:41 0 节点 收到来自 Leader 2 的附加日志请求
2024/12/11 16:34:41 1 节点 收到来自 Leader 2 的附加日志请求
2024/12/11 16:34:41 0 节点因为 心跳/附加日志 重置了自己的心跳
2024/12/11 16:34:41 1 节点因为 心跳/附加日志 重置了自己的心跳
2024/12/11 16:34:41 Leader 2 第 6 次 发送心跳
2024/12/11 16:34:41 1 节点 收到来自 Leader 2 的附加日志请求
2024/12/11 16:34:41 1 节点因为 心跳/附加日志 重置了自己的心跳
2024/12/11 16:34:41 0 节点 收到来自 Leader 2 的附加日志请求
2024/12/11 16:34:41 0 节点因为 心跳/附加日志 重置了自己的心跳
2024/12/11 16:34:41 Leader 2 第 7 次 发送心跳
2024/12/11 16:34:41 1 节点 收到来自 Leader 2 的附加日志请求
2024/12/11 16:34:41 1 节点因为 心跳/附加日志 重置了自己的心跳
2024/12/11 16:34:41 0 节点 收到来自 Leader 2 的附加日志请求
2024/12/11 16:34:41 0 节点因为 心跳/附加日志 重置了自己的心跳
2024/12/11 16:34:41 Leader 2 第 8 次 发送心跳
2024/12/11 16:34:41 1 节点 收到来自 Leader 2 的附加日志请求
2024/12/11 16:34:41 1 节点因为 心跳/附加日志 重置了自己的心跳
2024/12/11 16:34:41 0 节点 收到来自 Leader 2 的附加日志请求
2024/12/11 16:34:41 0 节点因为 心跳/附加日志 重置了自己的心跳
2024/12/11 16:34:41 Leader 2 第 9 次 发送心跳
2024/12/11 16:34:41 1 节点 收到来自 Leader 2 的附加日志请求
2024/12/11 16:34:41 0 节点 收到来自 Leader 2 的附加日志请求
2024/12/11 16:34:41 1 节点因为 心跳/附加日志 重置了自己的心跳
2024/12/11 16:34:41 0 节点因为 心跳/附加日志 重置了自己的心跳
2024/12/11 16:34:41 Leader 2 第 10 次 发送心跳
2024/12/11 16:34:41 1 节点 收到来自 Leader 2 的附加日志请求
2024/12/11 16:34:41 0 节点 收到来自 Leader 2 的附加日志请求
2024/12/11 16:34:41 0 节点因为 心跳/附加日志 重置了自己的心跳
2024/12/11 16:34:41 1 节点因为 心跳/附加日志 重置了自己的心跳
2024/12/11 16:34:41 Leader 2 第 11 次 发送心跳
2024/12/11 16:34:41 0 节点 收到来自 Leader 2 的附加日志请求
2024/12/11 16:34:41 0 节点因为 心跳/附加日志 重置了自己的心跳
2024/12/11 16:34:41 1 节点 收到来自 Leader 2 的附加日志请求
2024/12/11 16:34:41 1 节点因为 心跳/附加日志 重置了自己的心跳
2024/12/11 16:34:41 Leader 2 第 12 次 发送心跳
2024/12/11 16:34:41 1 节点 收到来自 Leader 2 的附加日志请求
2024/12/11 16:34:41 0 节点 收到来自 Leader 2 的附加日志请求
2024/12/11 16:34:41 1 节点因为 心跳/附加日志 重置了自己的心跳
2024/12/11 16:34:41 0 节点因为 心跳/附加日志 重置了自己的心跳
2024/12/11 16:34:42 Leader 2 第 13 次 发送心跳
2024/12/11 16:34:42 1 节点 收到来自 Leader 2 的附加日志请求
2024/12/11 16:34:42 1 节点因为 心跳/附加日志 重置了自己的心跳
2024/12/11 16:34:42 0 节点 收到来自 Leader 2 的附加日志请求
2024/12/11 16:34:42 0 节点因为 心跳/附加日志 重置了自己的心跳
2024/12/11 16:34:42 Leader 2 第 14 次 发送心跳
2024/12/11 16:34:42 0 节点 收到来自 Leader 2 的附加日志请求
2024/12/11 16:34:42 0 节点因为 心跳/附加日志 重置了自己的心跳
2024/12/11 16:34:42 1 节点 收到来自 Leader 2 的附加日志请求
2024/12/11 16:34:42 1 节点因为 心跳/附加日志 重置了自己的心跳
2024/12/11 16:34:42 Leader 2 第 15 次 发送心跳
2024/12/11 16:34:42 1 节点 收到来自 Leader 2 的附加日志请求
2024/12/11 16:34:42 1 节点因为 心跳/附加日志 重置了自己的心跳
2024/12/11 16:34:42 0 节点 收到来自 Leader 2 的附加日志请求
2024/12/11 16:34:42 0 节点因为 心跳/附加日志 重置了自己的心跳
2024/12/11 16:34:42 Leader 2 第 16 次 发送心跳
2024/12/11 16:34:42 0 节点 收到来自 Leader 2 的附加日志请求
2024/12/11 16:34:42 1 节点 收到来自 Leader 2 的附加日志请求
2024/12/11 16:34:42 0 节点因为 心跳/附加日志 重置了自己的心跳
2024/12/11 16:34:42 1 节点因为 心跳/附加日志 重置了自己的心跳
2024/12/11 16:34:42 Leader 2 第 17 次 发送心跳
2024/12/11 16:34:42 0 节点 收到来自 Leader 2 的附加日志请求
2024/12/11 16:34:42 1 节点 收到来自 Leader 2 的附加日志请求
2024/12/11 16:34:42 0 节点因为 心跳/附加日志 重置了自己的心跳
2024/12/11 16:34:42 1 节点因为 心跳/附加日志 重置了自己的心跳
2024/12/11 16:34:42 Leader 2 第 18 次 发送心跳
2024/12/11 16:34:42 0 节点 收到来自 Leader 2 的附加日志请求
2024/12/11 16:34:42 0 节点因为 心跳/附加日志 重置了自己的心跳
2024/12/11 16:34:42 1 节点 收到来自 Leader 2 的附加日志请求
2024/12/11 16:34:42 1 节点因为 心跳/附加日志 重置了自己的心跳
2024/12/11 16:34:42 Leader 2 第 19 次 发送心跳
2024/12/11 16:34:42 0 节点 收到来自 Leader 2 的附加日志请求
2024/12/11 16:34:42 0 节点因为 心跳/附加日志 重置了自己的心跳
2024/12/11 16:34:42 1 节点 收到来自 Leader 2 的附加日志请求
2024/12/11 16:34:42 1 节点因为 心跳/附加日志 重置了自己的心跳
2024/12/11 16:34:42 Leader 2 第 20 次 发送心跳
2024/12/11 16:34:42 1 节点 收到来自 Leader 2 的附加日志请求
2024/12/11 16:34:42 0 节点 收到来自 Leader 2 的附加日志请求
2024/12/11 16:34:42 1 节点因为 心跳/附加日志 重置了自己的心跳
2024/12/11 16:34:42 0 节点因为 心跳/附加日志 重置了自己的心跳
2024/12/11 16:34:42 Leader 2 第 21 次 发送心跳
2024/12/11 16:34:42 0 节点 收到来自 Leader 2 的附加日志请求
2024/12/11 16:34:42 0 节点因为 心跳/附加日志 重置了自己的心跳
2024/12/11 16:34:42 1 节点 收到来自 Leader 2 的附加日志请求
2024/12/11 16:34:42 1 节点因为 心跳/附加日志 重置了自己的心跳
2024/12/11 16:34:42 Leader 2 第 22 次 发送心跳
2024/12/11 16:34:43 1 节点 收到来自 Leader 2 的附加日志请求
2024/12/11 16:34:43 1 节点因为 心跳/附加日志 重置了自己的心跳
2024/12/11 16:34:43 0 节点 收到来自 Leader 2 的附加日志请求
2024/12/11 16:34:43 0 节点因为 心跳/附加日志 重置了自己的心跳
2024/12/11 16:34:43 Leader 2 第 23 次 发送心跳
2024/12/11 16:34:43 0 节点 收到来自 Leader 2 的附加日志请求
2024/12/11 16:34:43 0 节点因为 心跳/附加日志 重置了自己的心跳
2024/12/11 16:34:43 1 节点 收到来自 Leader 2 的附加日志请求
2024/12/11 16:34:43 1 节点因为 心跳/附加日志 重置了自己的心跳
2024/12/11 16:34:43 Leader 2 第 24 次 发送心跳
2024/12/11 16:34:43 0 节点 收到来自 Leader 2 的附加日志请求
2024/12/11 16:34:43 1 节点 收到来自 Leader 2 的附加日志请求
2024/12/11 16:34:43 1 节点因为 心跳/附加日志 重置了自己的心跳
2024/12/11 16:34:43 0 节点因为 心跳/附加日志 重置了自己的心跳
2024/12/11 16:34:43 Leader 2 第 25 次 发送心跳
2024/12/11 16:34:43 0 节点 收到来自 Leader 2 的附加日志请求
2024/12/11 16:34:43 1 节点 收到来自 Leader 2 的附加日志请求
2024/12/11 16:34:43 0 节点因为 心跳/附加日志 重置了自己的心跳
2024/12/11 16:34:43 1 节点因为 心跳/附加日志 重置了自己的心跳
2024/12/11 16:34:43 Leader 2 第 26 次 发送心跳
2024/12/11 16:34:43 0 节点 收到来自 Leader 2 的附加日志请求
2024/12/11 16:34:43 0 节点因为 心跳/附加日志 重置了自己的心跳
2024/12/11 16:34:43 1 节点 收到来自 Leader 2 的附加日志请求
2024/12/11 16:34:43 1 节点因为 心跳/附加日志 重置了自己的心跳
2024/12/11 16:34:43 Leader 2 第 27 次 发送心跳
2024/12/11 16:34:43 0 节点 收到来自 Leader 2 的附加日志请求
2024/12/11 16:34:43 1 节点 收到来自 Leader 2 的附加日志请求
2024/12/11 16:34:43 0 节点因为 心跳/附加日志 重置了自己的心跳
2024/12/11 16:34:43 1 节点因为 心跳/附加日志 重置了自己的心跳
  ... Passed --   3.0  3   56   19380    0
Test (3A): election after network failure ...
2024/12/11 16:34:43 2 节点超时，开始新一轮的选举，任期 Term = 0
2024/12/11 16:34:43 Candidate 2 节点向 0 节点发送选票请求，当前 Term：1
2024/12/11 16:34:43 Candidate 2 节点向 1 节点发送选票请求，当前 Term：1
2024/12/11 16:34:43 1 节点 收到来自 Candidate 2 的选票请求，当前支持的是 -1
2024/12/11 16:34:43 0 节点 收到来自 Candidate 2 的选票请求，当前支持的是 -1
2024/12/11 16:34:43 Candidate 2 节点收到 1 的回复，投票结果是 true
2024/12/11 16:34:43 Candidate 2 节点收到 0 的回复，投票结果是 true
2024/12/11 16:34:43 2 赢得了选举, 作为 Leader 的任期 Term 是 1
2024/12/11 16:34:43 Leader 2 第 1 次 发送心跳
2024/12/11 16:34:43 1 节点 收到来自 Leader 2 的附加日志请求
2024/12/11 16:34:43 0 节点 收到来自 Leader 2 的附加日志请求
2024/12/11 16:34:43 1 节点因为 心跳/附加日志 重置了自己的心跳
2024/12/11 16:34:43 0 节点因为 心跳/附加日志 重置了自己的心跳
2024/12/11 16:34:44 Leader 2 第 2 次 发送心跳
2024/12/11 16:34:44 1 节点 收到来自 Leader 2 的附加日志请求
2024/12/11 16:34:44 1 节点因为 心跳/附加日志 重置了自己的心跳
2024/12/11 16:34:44 0 节点 收到来自 Leader 2 的附加日志请求
2024/12/11 16:34:44 0 节点因为 心跳/附加日志 重置了自己的心跳
2024/12/11 16:34:44 Leader 2 第 3 次 发送心跳
2024/12/11 16:34:44 1 节点 收到来自 Leader 2 的附加日志请求
2024/12/11 16:34:44 1 节点因为 心跳/附加日志 重置了自己的心跳
2024/12/11 16:34:44 0 节点 收到来自 Leader 2 的附加日志请求
2024/12/11 16:34:44 0 节点因为 心跳/附加日志 重置了自己的心跳
2024/12/11 16:34:44 Leader 2 第 4 次 发送心跳
2024/12/11 16:34:44 Leader 2 第 5 次 发送心跳
2024/12/11 16:34:44 1 节点超时，开始新一轮的选举，任期 Term = 1
2024/12/11 16:34:44 Candidate 1 节点向 0 节点发送选票请求，当前 Term：2
2024/12/11 16:34:44 Candidate 1 节点向 2 节点发送选票请求，当前 Term：2
2024/12/11 16:34:44 0 节点 收到来自 Candidate 1 的选票请求，当前支持的是 2
2024/12/11 16:34:44 Candidate 1 节点收到 0 的回复，投票结果是 true
2024/12/11 16:34:44 1 赢得了选举, 作为 Leader 的任期 Term 是 2
2024/12/11 16:34:44 Leader 1 第 1 次 发送心跳
2024/12/11 16:34:44 0 节点 收到来自 Leader 1 的附加日志请求
2024/12/11 16:34:44 0 节点因为 心跳/附加日志 重置了自己的心跳
2024/12/11 16:34:44 Leader 2 第 6 次 发送心跳
2024/12/11 16:34:44 Leader 1 第 2 次 发送心跳
2024/12/11 16:34:44 0 节点 收到来自 Leader 1 的附加日志请求
2024/12/11 16:34:44 0 节点因为 心跳/附加日志 重置了自己的心跳
2024/12/11 16:34:44 Leader 2 第 7 次 发送心跳
2024/12/11 16:34:44 Leader 1 第 3 次 发送心跳
2024/12/11 16:34:44 0 节点 收到来自 Leader 1 的附加日志请求
2024/12/11 16:34:44 0 节点因为 心跳/附加日志 重置了自己的心跳
2024/12/11 16:34:44 Leader 2 第 8 次 发送心跳
2024/12/11 16:34:44 Leader 1 第 4 次 发送心跳
2024/12/11 16:34:44 0 节点 收到来自 Leader 1 的附加日志请求
2024/12/11 16:34:44 2 节点 收到来自 Leader 1 的附加日志请求
2024/12/11 16:34:44 0 节点因为 心跳/附加日志 重置了自己的心跳
2024/12/11 16:34:44 2 节点因为 心跳/附加日志 重置了自己的心跳
2024/12/11 16:34:44 Leader 2 第 9 次 发送心跳
2024/12/11 16:34:44 1 节点 收到来自 Leader 2 的附加日志请求
2024/12/11 16:34:44 0 节点 收到来自 Leader 2 的附加日志请求
2024/12/11 16:34:44 1 节点因为 心跳/附加日志 重置了自己的心跳
2024/12/11 16:34:44 0 节点因为 心跳/附加日志 重置了自己的心跳
2024/12/11 16:34:44 2 节点从 Leader 身份变成了 Follower
2024/12/11 16:34:44 Leader 1 第 5 次 发送心跳
2024/12/11 16:34:44 2 节点 收到来自 Leader 1 的附加日志请求
2024/12/11 16:34:44 2 节点因为 心跳/附加日志 重置了自己的心跳
2024/12/11 16:34:44 0 节点 收到来自 Leader 1 的附加日志请求
2024/12/11 16:34:44 0 节点因为 心跳/附加日志 重置了自己的心跳
2024/12/11 16:34:44 1 节点超时，开始新一轮的选举，任期 Term = 2
2024/12/11 16:34:44 Candidate 1 节点向 0 节点发送选票请求，当前 Term：3
2024/12/11 16:34:44 Candidate 1 节点向 2 节点发送选票请求，当前 Term：3
2024/12/11 16:34:44 2 节点 收到来自 Candidate 1 的选票请求，当前支持的是 -1
2024/12/11 16:34:44 0 节点 收到来自 Candidate 1 的选票请求，当前支持的是 1
2024/12/11 16:34:44 Candidate 1 节点收到 2 的回复，投票结果是 true
2024/12/11 16:34:44 Candidate 1 节点收到 0 的回复，投票结果是 true
2024/12/11 16:34:44 1 赢得了选举, 作为 Leader 的任期 Term 是 3
2024/12/11 16:34:44 Leader 1 第 1 次 发送心跳
2024/12/11 16:34:44 0 节点 收到来自 Leader 1 的附加日志请求
2024/12/11 16:34:44 0 节点因为 心跳/附加日志 重置了自己的心跳
2024/12/11 16:34:44 2 节点 收到来自 Leader 1 的附加日志请求
2024/12/11 16:34:44 2 节点因为 心跳/附加日志 重置了自己的心跳
2024/12/11 16:34:45 Leader 1 第 2 次 发送心跳
2024/12/11 16:34:45 0 节点 收到来自 Leader 1 的附加日志请求
2024/12/11 16:34:45 0 节点因为 心跳/附加日志 重置了自己的心跳
2024/12/11 16:34:45 2 节点 收到来自 Leader 1 的附加日志请求
2024/12/11 16:34:45 2 节点因为 心跳/附加日志 重置了自己的心跳
2024/12/11 16:34:45 Leader 1 第 3 次 发送心跳
2024/12/11 16:34:45 Leader 1 第 4 次 发送心跳
2024/12/11 16:34:45 2 节点超时，开始新一轮的选举，任期 Term = 3
2024/12/11 16:34:45 Candidate 2 节点向 0 节点发送选票请求，当前 Term：4
2024/12/11 16:34:45 Candidate 2 节点向 1 节点发送选票请求，当前 Term：4
2024/12/11 16:34:45 Leader 1 第 5 次 发送心跳
2024/12/11 16:34:45 0 节点超时，开始新一轮的选举，任期 Term = 3
2024/12/11 16:34:45 Candidate 0 节点向 1 节点发送选票请求，当前 Term：4
2024/12/11 16:34:45 Candidate 0 节点向 2 节点发送选票请求，当前 Term：4
2024/12/11 16:34:45 Leader 1 第 6 次 发送心跳
2024/12/11 16:34:45 Leader 1 第 7 次 发送心跳
2024/12/11 16:34:45 Candidate 0 节点向 1 节点发送选票请求，当前 Term：5
2024/12/11 16:34:45 Candidate 0 节点向 2 节点发送选票请求，当前 Term：5
2024/12/11 16:34:45 Candidate 2 节点向 0 节点发送选票请求，当前 Term：5
2024/12/11 16:34:45 Candidate 2 节点向 1 节点发送选票请求，当前 Term：5
2024/12/11 16:34:45 Leader 1 第 8 次 发送心跳
2024/12/11 16:34:45 Candidate 0 节点向 1 节点发送选票请求，当前 Term：6
2024/12/11 16:34:45 Candidate 0 节点向 2 节点发送选票请求，当前 Term：6
2024/12/11 16:34:45 Leader 1 第 9 次 发送心跳
2024/12/11 16:34:45 Candidate 2 节点向 0 节点发送选票请求，当前 Term：6
2024/12/11 16:34:45 Candidate 2 节点向 1 节点发送选票请求，当前 Term：6
2024/12/11 16:34:45 Leader 1 第 10 次 发送心跳
2024/12/11 16:34:45 Candidate 0 节点向 1 节点发送选票请求，当前 Term：7
2024/12/11 16:34:45 Candidate 0 节点向 2 节点发送选票请求，当前 Term：7
2024/12/11 16:34:46 Leader 1 第 11 次 发送心跳
2024/12/11 16:34:46 Candidate 2 节点向 0 节点发送选票请求，当前 Term：7
2024/12/11 16:34:46 Candidate 2 节点向 1 节点发送选票请求，当前 Term：7
2024/12/11 16:34:46 Leader 1 第 12 次 发送心跳
2024/12/11 16:34:46 Candidate 0 节点向 1 节点发送选票请求，当前 Term：8
2024/12/11 16:34:46 Candidate 0 节点向 2 节点发送选票请求，当前 Term：8
2024/12/11 16:34:46 Leader 1 第 13 次 发送心跳
2024/12/11 16:34:46 Candidate 2 节点向 0 节点发送选票请求，当前 Term：8
2024/12/11 16:34:46 Candidate 2 节点向 1 节点发送选票请求，当前 Term：8
2024/12/11 16:34:46 Leader 1 第 14 次 发送心跳
2024/12/11 16:34:46 Candidate 0 节点向 1 节点发送选票请求，当前 Term：9
2024/12/11 16:34:46 Candidate 0 节点向 2 节点发送选票请求，当前 Term：9
2024/12/11 16:34:46 Candidate 2 节点向 0 节点发送选票请求，当前 Term：9
2024/12/11 16:34:46 Candidate 2 节点向 1 节点发送选票请求，当前 Term：9
2024/12/11 16:34:46 Leader 1 第 15 次 发送心跳
2024/12/11 16:34:46 Leader 1 第 16 次 发送心跳
2024/12/11 16:34:46 Candidate 0 节点向 1 节点发送选票请求，当前 Term：10
2024/12/11 16:34:46 Candidate 0 节点向 2 节点发送选票请求，当前 Term：10
2024/12/11 16:34:46 Candidate 2 节点向 0 节点发送选票请求，当前 Term：10
2024/12/11 16:34:46 Candidate 2 节点向 1 节点发送选票请求，当前 Term：10
2024/12/11 16:34:46 Leader 1 第 17 次 发送心跳
2024/12/11 16:34:46 Candidate 0 节点向 1 节点发送选票请求，当前 Term：11
2024/12/11 16:34:46 Candidate 0 节点向 2 节点发送选票请求，当前 Term：11
2024/12/11 16:34:46 Leader 1 第 18 次 发送心跳
2024/12/11 16:34:46 Candidate 2 节点向 0 节点发送选票请求，当前 Term：11
2024/12/11 16:34:46 Candidate 2 节点向 1 节点发送选票请求，当前 Term：11
2024/12/11 16:34:46 Leader 1 第 19 次 发送心跳
2024/12/11 16:34:46 Candidate 0 节点向 1 节点发送选票请求，当前 Term：12
2024/12/11 16:34:46 Candidate 0 节点向 2 节点发送选票请求，当前 Term：12
2024/12/11 16:34:46 Leader 1 第 20 次 发送心跳
2024/12/11 16:34:47 Candidate 2 节点向 0 节点发送选票请求，当前 Term：12
2024/12/11 16:34:47 Candidate 2 节点向 1 节点发送选票请求，当前 Term：12
2024/12/11 16:34:47 Leader 1 第 21 次 发送心跳
2024/12/11 16:34:47 Leader 1 第 22 次 发送心跳
2024/12/11 16:34:47 Candidate 0 节点向 1 节点发送选票请求，当前 Term：13
2024/12/11 16:34:47 Candidate 0 节点向 2 节点发送选票请求，当前 Term：13
2024/12/11 16:34:47 2 节点 收到来自 Candidate 0 的选票请求，当前支持的是 2
2024/12/11 16:34:47 Candidate 0 节点收到 2 的回复，投票结果是 true
2024/12/11 16:34:47 0 赢得了选举, 作为 Leader 的任期 Term 是 13
2024/12/11 16:34:47 Leader 0 第 1 次 发送心跳
2024/12/11 16:34:47 2 节点 收到来自 Leader 0 的附加日志请求
2024/12/11 16:34:47 2 节点因为 心跳/附加日志 重置了自己的心跳
2024/12/11 16:34:47 Leader 1 第 23 次 发送心跳
2024/12/11 16:34:47 Leader 0 第 2 次 发送心跳
2024/12/11 16:34:47 2 节点 收到来自 Leader 0 的附加日志请求
2024/12/11 16:34:47 2 节点因为 心跳/附加日志 重置了自己的心跳
2024/12/11 16:34:47 Leader 1 第 24 次 发送心跳
2024/12/11 16:34:47 Leader 0 第 3 次 发送心跳
2024/12/11 16:34:47 2 节点 收到来自 Leader 0 的附加日志请求
2024/12/11 16:34:47 2 节点因为 心跳/附加日志 重置了自己的心跳
2024/12/11 16:34:47 Leader 1 第 25 次 发送心跳
2024/12/11 16:34:47 Leader 0 第 4 次 发送心跳
2024/12/11 16:34:47 2 节点 收到来自 Leader 0 的附加日志请求
2024/12/11 16:34:47 2 节点因为 心跳/附加日志 重置了自己的心跳
2024/12/11 16:34:47 Leader 1 第 26 次 发送心跳
2024/12/11 16:34:47 Leader 0 第 5 次 发送心跳
2024/12/11 16:34:47 2 节点 收到来自 Leader 0 的附加日志请求
2024/12/11 16:34:47 2 节点因为 心跳/附加日志 重置了自己的心跳
2024/12/11 16:34:47 Leader 1 第 27 次 发送心跳
2024/12/11 16:34:47 0 节点 收到来自 Leader 1 的附加日志请求
2024/12/11 16:34:47 0 节点因为 心跳/附加日志 重置了自己的心跳
2024/12/11 16:34:47 2 节点 收到来自 Leader 1 的附加日志请求
2024/12/11 16:34:47 2 节点因为 心跳/附加日志 重置了自己的心跳
2024/12/11 16:34:47 1 节点从 Leader 身份变成了 Follower
2024/12/11 16:34:47 Leader 0 第 6 次 发送心跳
2024/12/11 16:34:47 2 节点 收到来自 Leader 0 的附加日志请求
2024/12/11 16:34:47 2 节点因为 心跳/附加日志 重置了自己的心跳
2024/12/11 16:34:47 1 节点 收到来自 Leader 0 的附加日志请求
2024/12/11 16:34:47 1 节点因为 心跳/附加日志 重置了自己的心跳
2024/12/11 16:34:47 Leader 1 第 28 次 发送心跳
2024/12/11 16:34:47 2 节点 收到来自 Leader 1 的附加日志请求
2024/12/11 16:34:47 2 节点因为 心跳/附加日志 重置了自己的心跳
2024/12/11 16:34:47 0 节点 收到来自 Leader 1 的附加日志请求
2024/12/11 16:34:47 0 节点因为 心跳/附加日志 重置了自己的心跳
2024/12/11 16:34:47 0 节点超时，开始新一轮的选举，任期 Term = 13
2024/12/11 16:34:47 Candidate 0 节点向 1 节点发送选票请求，当前 Term：14
2024/12/11 16:34:47 Candidate 0 节点向 2 节点发送选票请求，当前 Term：14
2024/12/11 16:34:47 1 节点 收到来自 Candidate 0 的选票请求，当前支持的是 -1
2024/12/11 16:34:47 2 节点 收到来自 Candidate 0 的选票请求，当前支持的是 0
2024/12/11 16:34:47 Candidate 0 节点收到 1 的回复，投票结果是 true
2024/12/11 16:34:47 Candidate 0 节点收到 2 的回复，投票结果是 true
2024/12/11 16:34:47 0 赢得了选举, 作为 Leader 的任期 Term 是 14
2024/12/11 16:34:47 Leader 0 第 1 次 发送心跳
2024/12/11 16:34:47 2 节点 收到来自 Leader 0 的附加日志请求
2024/12/11 16:34:47 2 节点因为 心跳/附加日志 重置了自己的心跳
2024/12/11 16:34:47 1 节点 收到来自 Leader 0 的附加日志请求
2024/12/11 16:34:47 1 节点因为 心跳/附加日志 重置了自己的心跳
2024/12/11 16:34:48 Leader 0 第 2 次 发送心跳
2024/12/11 16:34:48 2 节点 收到来自 Leader 0 的附加日志请求
2024/12/11 16:34:48 2 节点因为 心跳/附加日志 重置了自己的心跳
2024/12/11 16:34:48 1 节点 收到来自 Leader 0 的附加日志请求
2024/12/11 16:34:48 1 节点因为 心跳/附加日志 重置了自己的心跳
  ... Passed --   4.5  3  146   30806    0
Test (3A): multiple elections ...
2024/12/11 16:34:48 0 节点超时，开始新一轮的选举，任期 Term = 0
2024/12/11 16:34:48 Candidate 0 节点向 1 节点发送选票请求，当前 Term：1
2024/12/11 16:34:48 Candidate 0 节点向 2 节点发送选票请求，当前 Term：1
2024/12/11 16:34:48 Candidate 0 节点向 3 节点发送选票请求，当前 Term：1
2024/12/11 16:34:48 Candidate 0 节点向 4 节点发送选票请求，当前 Term：1
2024/12/11 16:34:48 Candidate 0 节点向 5 节点发送选票请求，当前 Term：1
2024/12/11 16:34:48 Candidate 0 节点向 6 节点发送选票请求，当前 Term：1
2024/12/11 16:34:48 3 节点 收到来自 Candidate 0 的选票请求，当前支持的是 -1
2024/12/11 16:34:48 6 节点 收到来自 Candidate 0 的选票请求，当前支持的是 -1
2024/12/11 16:34:48 4 节点 收到来自 Candidate 0 的选票请求，当前支持的是 -1
2024/12/11 16:34:48 2 节点 收到来自 Candidate 0 的选票请求，当前支持的是 -1
2024/12/11 16:34:48 5 节点 收到来自 Candidate 0 的选票请求，当前支持的是 -1
2024/12/11 16:34:48 Candidate 0 节点收到 6 的回复，投票结果是 true
2024/12/11 16:34:48 Candidate 0 节点收到 3 的回复，投票结果是 true
2024/12/11 16:34:48 Candidate 0 节点收到 4 的回复，投票结果是 true
2024/12/11 16:34:48 Candidate 0 节点收到 2 的回复，投票结果是 true
2024/12/11 16:34:48 1 节点 收到来自 Candidate 0 的选票请求，当前支持的是 -1
2024/12/11 16:34:48 Candidate 0 节点收到 5 的回复，投票结果是 true
2024/12/11 16:34:48 Candidate 0 节点收到 1 的回复，投票结果是 true
2024/12/11 16:34:48 0 赢得了选举, 作为 Leader 的任期 Term 是 1
2024/12/11 16:34:48 Leader 0 第 1 次 发送心跳
2024/12/11 16:34:48 2 节点 收到来自 Leader 0 的附加日志请求
2024/12/11 16:34:48 2 节点因为 心跳/附加日志 重置了自己的心跳
2024/12/11 16:34:48 1 节点 收到来自 Leader 0 的附加日志请求
2024/12/11 16:34:48 6 节点 收到来自 Leader 0 的附加日志请求
2024/12/11 16:34:48 1 节点因为 心跳/附加日志 重置了自己的心跳
2024/12/11 16:34:48 6 节点因为 心跳/附加日志 重置了自己的心跳
2024/12/11 16:34:48 5 节点 收到来自 Leader 0 的附加日志请求
2024/12/11 16:34:48 5 节点因为 心跳/附加日志 重置了自己的心跳
2024/12/11 16:34:48 3 节点 收到来自 Leader 0 的附加日志请求
2024/12/11 16:34:48 3 节点因为 心跳/附加日志 重置了自己的心跳
2024/12/11 16:34:48 4 节点 收到来自 Leader 0 的附加日志请求
2024/12/11 16:34:48 4 节点因为 心跳/附加日志 重置了自己的心跳
2024/12/11 16:34:48 Leader 0 第 2 次 发送心跳
2024/12/11 16:34:48 1 节点 收到来自 Leader 0 的附加日志请求
2024/12/11 16:34:48 1 节点因为 心跳/附加日志 重置了自己的心跳
2024/12/11 16:34:48 2 节点 收到来自 Leader 0 的附加日志请求
2024/12/11 16:34:48 2 节点因为 心跳/附加日志 重置了自己的心跳
2024/12/11 16:34:48 5 节点 收到来自 Leader 0 的附加日志请求
2024/12/11 16:34:48 5 节点因为 心跳/附加日志 重置了自己的心跳
2024/12/11 16:34:48 3 节点 收到来自 Leader 0 的附加日志请求
2024/12/11 16:34:48 3 节点因为 心跳/附加日志 重置了自己的心跳
2024/12/11 16:34:48 4 节点 收到来自 Leader 0 的附加日志请求
2024/12/11 16:34:48 4 节点因为 心跳/附加日志 重置了自己的心跳
2024/12/11 16:34:48 6 节点 收到来自 Leader 0 的附加日志请求
2024/12/11 16:34:48 6 节点因为 心跳/附加日志 重置了自己的心跳
2024/12/11 16:34:48 Leader 0 第 3 次 发送心跳
2024/12/11 16:34:48 5 节点 收到来自 Leader 0 的附加日志请求
2024/12/11 16:34:48 5 节点因为 心跳/附加日志 重置了自己的心跳
2024/12/11 16:34:48 3 节点 收到来自 Leader 0 的附加日志请求
2024/12/11 16:34:48 4 节点 收到来自 Leader 0 的附加日志请求
2024/12/11 16:34:48 4 节点因为 心跳/附加日志 重置了自己的心跳
2024/12/11 16:34:48 6 节点 收到来自 Leader 0 的附加日志请求
2024/12/11 16:34:48 6 节点因为 心跳/附加日志 重置了自己的心跳
2024/12/11 16:34:48 3 节点因为 心跳/附加日志 重置了自己的心跳
2024/12/11 16:34:48 1 节点 收到来自 Leader 0 的附加日志请求
2024/12/11 16:34:48 1 节点因为 心跳/附加日志 重置了自己的心跳
2024/12/11 16:34:48 2 节点 收到来自 Leader 0 的附加日志请求
2024/12/11 16:34:48 2 节点因为 心跳/附加日志 重置了自己的心跳
2024/12/11 16:34:48 Leader 0 第 4 次 发送心跳
2024/12/11 16:34:48 3 节点 收到来自 Leader 0 的附加日志请求
2024/12/11 16:34:48 4 节点 收到来自 Leader 0 的附加日志请求
2024/12/11 16:34:48 3 节点因为 心跳/附加日志 重置了自己的心跳
2024/12/11 16:34:48 4 节点因为 心跳/附加日志 重置了自己的心跳
2024/12/11 16:34:48 1 节点 收到来自 Leader 0 的附加日志请求
2024/12/11 16:34:48 1 节点因为 心跳/附加日志 重置了自己的心跳
2024/12/11 16:34:48 6 节点 收到来自 Leader 0 的附加日志请求
2024/12/11 16:34:48 6 节点因为 心跳/附加日志 重置了自己的心跳
2024/12/11 16:34:48 5 节点 收到来自 Leader 0 的附加日志请求
2024/12/11 16:34:48 5 节点因为 心跳/附加日志 重置了自己的心跳
2024/12/11 16:34:48 2 节点 收到来自 Leader 0 的附加日志请求
2024/12/11 16:34:48 2 节点因为 心跳/附加日志 重置了自己的心跳
2024/12/11 16:34:48 Leader 0 第 5 次 发送心跳
2024/12/11 16:34:48 5 节点 收到来自 Leader 0 的附加日志请求
2024/12/11 16:34:48 5 节点因为 心跳/附加日志 重置了自己的心跳
2024/12/11 16:34:48 4 节点 收到来自 Leader 0 的附加日志请求
2024/12/11 16:34:48 4 节点因为 心跳/附加日志 重置了自己的心跳
2024/12/11 16:34:48 2 节点 收到来自 Leader 0 的附加日志请求
2024/12/11 16:34:48 2 节点因为 心跳/附加日志 重置了自己的心跳
2024/12/11 16:34:48 Leader 0 第 6 次 发送心跳
2024/12/11 16:34:48 5 节点 收到来自 Leader 0 的附加日志请求
2024/12/11 16:34:48 5 节点因为 心跳/附加日志 重置了自己的心跳
2024/12/11 16:34:48 4 节点 收到来自 Leader 0 的附加日志请求
2024/12/11 16:34:48 2 节点 收到来自 Leader 0 的附加日志请求
2024/12/11 16:34:48 4 节点因为 心跳/附加日志 重置了自己的心跳
2024/12/11 16:34:48 2 节点因为 心跳/附加日志 重置了自己的心跳
2024/12/11 16:34:48 Leader 0 第 7 次 发送心跳
2024/12/11 16:34:48 5 节点 收到来自 Leader 0 的附加日志请求
2024/12/11 16:34:48 5 节点因为 心跳/附加日志 重置了自己的心跳
2024/12/11 16:34:48 2 节点 收到来自 Leader 0 的附加日志请求
2024/12/11 16:34:48 2 节点因为 心跳/附加日志 重置了自己的心跳
2024/12/11 16:34:48 4 节点 收到来自 Leader 0 的附加日志请求
2024/12/11 16:34:48 4 节点因为 心跳/附加日志 重置了自己的心跳
2024/12/11 16:34:48 6 节点超时，开始新一轮的选举，任期 Term = 1
2024/12/11 16:34:48 Candidate 6 节点向 0 节点发送选票请求，当前 Term：2
2024/12/11 16:34:48 Candidate 6 节点向 1 节点发送选票请求，当前 Term：2
2024/12/11 16:34:48 Candidate 6 节点向 2 节点发送选票请求，当前 Term：2
2024/12/11 16:34:48 Candidate 6 节点向 3 节点发送选票请求，当前 Term：2
2024/12/11 16:34:48 Candidate 6 节点向 4 节点发送选票请求，当前 Term：2
2024/12/11 16:34:48 Candidate 6 节点向 5 节点发送选票请求，当前 Term：2
2024/12/11 16:34:48 3 节点超时，开始新一轮的选举，任期 Term = 1
2024/12/11 16:34:48 Candidate 3 节点向 0 节点发送选票请求，当前 Term：2
2024/12/11 16:34:48 Candidate 3 节点向 1 节点发送选票请求，当前 Term：2
2024/12/11 16:34:48 Candidate 3 节点向 2 节点发送选票请求，当前 Term：2
2024/12/11 16:34:48 Candidate 3 节点向 4 节点发送选票请求，当前 Term：2
2024/12/11 16:34:48 Candidate 3 节点向 5 节点发送选票请求，当前 Term：2
2024/12/11 16:34:48 Candidate 3 节点向 6 节点发送选票请求，当前 Term：2
2024/12/11 16:34:49 Leader 0 第 8 次 发送心跳
2024/12/11 16:34:49 2 节点 收到来自 Leader 0 的附加日志请求
2024/12/11 16:34:49 2 节点因为 心跳/附加日志 重置了自己的心跳
2024/12/11 16:34:49 4 节点 收到来自 Leader 0 的附加日志请求
2024/12/11 16:34:49 4 节点因为 心跳/附加日志 重置了自己的心跳
2024/12/11 16:34:49 5 节点 收到来自 Leader 0 的附加日志请求
2024/12/11 16:34:49 5 节点因为 心跳/附加日志 重置了自己的心跳
2024/12/11 16:34:49 Leader 0 第 9 次 发送心跳
2024/12/11 16:34:49 4 节点 收到来自 Leader 0 的附加日志请求
2024/12/11 16:34:49 4 节点因为 心跳/附加日志 重置了自己的心跳
2024/12/11 16:34:49 2 节点 收到来自 Leader 0 的附加日志请求
2024/12/11 16:34:49 5 节点 收到来自 Leader 0 的附加日志请求
2024/12/11 16:34:49 2 节点因为 心跳/附加日志 重置了自己的心跳
2024/12/11 16:34:49 5 节点因为 心跳/附加日志 重置了自己的心跳
2024/12/11 16:34:49 Candidate 6 节点向 0 节点发送选票请求，当前 Term：3
2024/12/11 16:34:49 Candidate 6 节点向 1 节点发送选票请求，当前 Term：3
2024/12/11 16:34:49 Candidate 6 节点向 2 节点发送选票请求，当前 Term：3
2024/12/11 16:34:49 Candidate 6 节点向 3 节点发送选票请求，当前 Term：3
2024/12/11 16:34:49 Candidate 6 节点向 4 节点发送选票请求，当前 Term：3
2024/12/11 16:34:49 Candidate 6 节点向 5 节点发送选票请求，当前 Term：3
2024/12/11 16:34:49 1 节点超时，开始新一轮的选举，任期 Term = 1
2024/12/11 16:34:49 Candidate 1 节点向 0 节点发送选票请求，当前 Term：2
2024/12/11 16:34:49 Candidate 1 节点向 2 节点发送选票请求，当前 Term：2
2024/12/11 16:34:49 Candidate 1 节点向 3 节点发送选票请求，当前 Term：2
2024/12/11 16:34:49 Candidate 1 节点向 4 节点发送选票请求，当前 Term：2
2024/12/11 16:34:49 Candidate 1 节点向 5 节点发送选票请求，当前 Term：2
2024/12/11 16:34:49 Candidate 1 节点向 6 节点发送选票请求，当前 Term：2
2024/12/11 16:34:49 4 节点 收到来自 Candidate 1 的选票请求，当前支持的是 0
2024/12/11 16:34:49 3 节点 收到来自 Candidate 1 的选票请求，当前支持的是 3
2024/12/11 16:34:49 5 节点 收到来自 Candidate 1 的选票请求，当前支持的是 0
2024/12/11 16:34:49 Candidate 1 节点收到 4 的回复，投票结果是 true
2024/12/11 16:34:49 Candidate 1 节点收到 3 的回复，投票结果是 false
2024/12/11 16:34:49 Candidate 1 节点收到 5 的回复，投票结果是 true
2024/12/11 16:34:49 Leader 0 第 10 次 发送心跳
2024/12/11 16:34:49 Candidate 3 节点向 0 节点发送选票请求，当前 Term：3
2024/12/11 16:34:49 Candidate 3 节点向 1 节点发送选票请求，当前 Term：3
2024/12/11 16:34:49 Candidate 3 节点向 2 节点发送选票请求，当前 Term：3
2024/12/11 16:34:49 Candidate 3 节点向 4 节点发送选票请求，当前 Term：3
2024/12/11 16:34:49 Candidate 3 节点向 5 节点发送选票请求，当前 Term：3
2024/12/11 16:34:49 Candidate 3 节点向 6 节点发送选票请求，当前 Term：3
2024/12/11 16:34:49 1 节点 收到来自 Candidate 3 的选票请求，当前支持的是 1
2024/12/11 16:34:49 4 节点 收到来自 Candidate 3 的选票请求，当前支持的是 1
2024/12/11 16:34:49 5 节点 收到来自 Candidate 3 的选票请求，当前支持的是 1
2024/12/11 16:34:49 Candidate 3 节点收到 1 的回复，投票结果是 true
2024/12/11 16:34:49 Candidate 3 节点收到 4 的回复，投票结果是 true
2024/12/11 16:34:49 Candidate 3 节点收到 5 的回复，投票结果是 true
2024/12/11 16:34:49 3 赢得了选举, 作为 Leader 的任期 Term 是 3
2024/12/11 16:34:49 Leader 3 第 1 次 发送心跳
2024/12/11 16:34:49 5 节点 收到来自 Leader 3 的附加日志请求
2024/12/11 16:34:49 1 节点 收到来自 Leader 3 的附加日志请求
2024/12/11 16:34:49 5 节点因为 心跳/附加日志 重置了自己的心跳
2024/12/11 16:34:49 4 节点 收到来自 Leader 3 的附加日志请求
2024/12/11 16:34:49 1 节点因为 心跳/附加日志 重置了自己的心跳
2024/12/11 16:34:49 4 节点因为 心跳/附加日志 重置了自己的心跳
2024/12/11 16:34:49 Leader 0 第 11 次 发送心跳
2024/12/11 16:34:49 Leader 3 第 2 次 发送心跳
2024/12/11 16:34:49 4 节点 收到来自 Leader 3 的附加日志请求
2024/12/11 16:34:49 4 节点因为 心跳/附加日志 重置了自己的心跳
2024/12/11 16:34:49 1 节点 收到来自 Leader 3 的附加日志请求
2024/12/11 16:34:49 1 节点因为 心跳/附加日志 重置了自己的心跳
2024/12/11 16:34:49 5 节点 收到来自 Leader 3 的附加日志请求
2024/12/11 16:34:49 5 节点因为 心跳/附加日志 重置了自己的心跳
2024/12/11 16:34:49 2 节点超时，开始新一轮的选举，任期 Term = 1
2024/12/11 16:34:49 Candidate 2 节点向 0 节点发送选票请求，当前 Term：2
2024/12/11 16:34:49 Candidate 2 节点向 1 节点发送选票请求，当前 Term：2
2024/12/11 16:34:49 Candidate 2 节点向 3 节点发送选票请求，当前 Term：2
2024/12/11 16:34:49 Candidate 2 节点向 4 节点发送选票请求，当前 Term：2
2024/12/11 16:34:49 Candidate 2 节点向 5 节点发送选票请求，当前 Term：2
2024/12/11 16:34:49 Candidate 2 节点向 6 节点发送选票请求，当前 Term：2
2024/12/11 16:34:49 Candidate 6 节点向 0 节点发送选票请求，当前 Term：4
2024/12/11 16:34:49 Candidate 6 节点向 1 节点发送选票请求，当前 Term：4
2024/12/11 16:34:49 Candidate 6 节点向 2 节点发送选票请求，当前 Term：4
2024/12/11 16:34:49 Candidate 6 节点向 3 节点发送选票请求，当前 Term：4
2024/12/11 16:34:49 Candidate 6 节点向 4 节点发送选票请求，当前 Term：4
2024/12/11 16:34:49 Candidate 6 节点向 5 节点发送选票请求，当前 Term：4
2024/12/11 16:34:49 Leader 0 第 12 次 发送心跳
2024/12/11 16:34:49 Leader 3 第 3 次 发送心跳
2024/12/11 16:34:49 4 节点 收到来自 Leader 3 的附加日志请求
2024/12/11 16:34:49 1 节点 收到来自 Leader 3 的附加日志请求
2024/12/11 16:34:49 5 节点 收到来自 Leader 3 的附加日志请求
2024/12/11 16:34:49 1 节点因为 心跳/附加日志 重置了自己的心跳
2024/12/11 16:34:49 4 节点因为 心跳/附加日志 重置了自己的心跳
2024/12/11 16:34:49 5 节点因为 心跳/附加日志 重置了自己的心跳
2024/12/11 16:34:49 Leader 0 第 13 次 发送心跳
2024/12/11 16:34:49 Leader 3 第 4 次 发送心跳
2024/12/11 16:34:49 5 节点 收到来自 Leader 3 的附加日志请求
2024/12/11 16:34:49 4 节点 收到来自 Leader 3 的附加日志请求
2024/12/11 16:34:49 5 节点因为 心跳/附加日志 重置了自己的心跳
2024/12/11 16:34:49 4 节点因为 心跳/附加日志 重置了自己的心跳
2024/12/11 16:34:49 1 节点 收到来自 Leader 3 的附加日志请求
2024/12/11 16:34:49 1 节点因为 心跳/附加日志 重置了自己的心跳
2024/12/11 16:34:49 Leader 0 第 14 次 发送心跳
2024/12/11 16:34:49 Candidate 2 节点向 0 节点发送选票请求，当前 Term：3
2024/12/11 16:34:49 Candidate 2 节点向 1 节点发送选票请求，当前 Term：3
2024/12/11 16:34:49 Candidate 2 节点向 3 节点发送选票请求，当前 Term：3
2024/12/11 16:34:49 Candidate 2 节点向 4 节点发送选票请求，当前 Term：3
2024/12/11 16:34:49 Candidate 2 节点向 5 节点发送选票请求，当前 Term：3
2024/12/11 16:34:49 Candidate 2 节点向 6 节点发送选票请求，当前 Term：3
2024/12/11 16:34:49 1 节点 收到来自 Candidate 2 的选票请求，当前支持的是 3
2024/12/11 16:34:49 0 节点 收到来自 Candidate 2 的选票请求，当前支持的是 0
2024/12/11 16:34:49 4 节点 收到来自 Candidate 2 的选票请求，当前支持的是 3
2024/12/11 16:34:49 5 节点 收到来自 Candidate 2 的选票请求，当前支持的是 3
2024/12/11 16:34:49 Candidate 2 节点收到 1 的回复，投票结果是 false
2024/12/11 16:34:49 Candidate 2 节点收到 0 的回复，投票结果是 true
2024/12/11 16:34:49 Candidate 2 节点收到 4 的回复，投票结果是 false
2024/12/11 16:34:49 Candidate 2 节点收到 5 的回复，投票结果是 false
2024/12/11 16:34:49 Leader 3 第 5 次 发送心跳
2024/12/11 16:34:49 Candidate 6 节点向 0 节点发送选票请求，当前 Term：5
2024/12/11 16:34:49 Candidate 6 节点向 1 节点发送选票请求，当前 Term：5
2024/12/11 16:34:49 Candidate 6 节点向 2 节点发送选票请求，当前 Term：5
2024/12/11 16:34:49 Candidate 6 节点向 3 节点发送选票请求，当前 Term：5
2024/12/11 16:34:49 Candidate 6 节点向 4 节点发送选票请求，当前 Term：5
2024/12/11 16:34:49 Candidate 6 节点向 5 节点发送选票请求，当前 Term：5
2024/12/11 16:34:49 Leader 0 第 15 次 发送心跳
2024/12/11 16:34:49 1 节点 收到来自 Leader 0 的附加日志请求
2024/12/11 16:34:49 1 节点因为 心跳/附加日志 重置了自己的心跳
2024/12/11 16:34:49 2 节点 收到来自 Leader 0 的附加日志请求
2024/12/11 16:34:49 2 节点从 Candiadate 变成了 Follower
2024/12/11 16:34:49 2 节点因为 心跳/附加日志 重置了自己的心跳
2024/12/11 16:34:49 4 节点 收到来自 Leader 0 的附加日志请求
2024/12/11 16:34:49 4 节点因为 心跳/附加日志 重置了自己的心跳
2024/12/11 16:34:49 5 节点 收到来自 Leader 0 的附加日志请求
2024/12/11 16:34:49 5 节点因为 心跳/附加日志 重置了自己的心跳
2024/12/11 16:34:49 Leader 3 第 6 次 发送心跳
2024/12/11 16:34:49 Candidate 6 节点向 0 节点发送选票请求，当前 Term：6
2024/12/11 16:34:49 Candidate 6 节点向 1 节点发送选票请求，当前 Term：6
2024/12/11 16:34:49 Candidate 6 节点向 2 节点发送选票请求，当前 Term：6
2024/12/11 16:34:49 Candidate 6 节点向 3 节点发送选票请求，当前 Term：6
2024/12/11 16:34:49 Candidate 6 节点向 4 节点发送选票请求，当前 Term：6
2024/12/11 16:34:49 Candidate 6 节点向 5 节点发送选票请求，当前 Term：6
2024/12/11 16:34:49 Leader 3 第 7 次 发送心跳
2024/12/11 16:34:49 5 节点超时，开始新一轮的选举，任期 Term = 3
2024/12/11 16:34:49 Candidate 5 节点向 0 节点发送选票请求，当前 Term：4
2024/12/11 16:34:49 Candidate 5 节点向 1 节点发送选票请求，当前 Term：4
2024/12/11 16:34:49 Candidate 5 节点向 2 节点发送选票请求，当前 Term：4
2024/12/11 16:34:49 Candidate 5 节点向 3 节点发送选票请求，当前 Term：4
2024/12/11 16:34:49 Candidate 5 节点向 4 节点发送选票请求，当前 Term：4
2024/12/11 16:34:49 Candidate 5 节点向 6 节点发送选票请求，当前 Term：4
2024/12/11 16:34:49 1 节点 收到来自 Candidate 5 的选票请求，当前支持的是 3
2024/12/11 16:34:49 0 节点 收到来自 Candidate 5 的选票请求，当前支持的是 2
2024/12/11 16:34:49 2 节点 收到来自 Candidate 5 的选票请求，当前支持的是 2
2024/12/11 16:34:49 4 节点 收到来自 Candidate 5 的选票请求，当前支持的是 3
2024/12/11 16:34:49 Candidate 5 节点收到 1 的回复，投票结果是 true
2024/12/11 16:34:49 Candidate 5 节点收到 0 的回复，投票结果是 true
2024/12/11 16:34:49 Candidate 5 节点收到 2 的回复，投票结果是 true
2024/12/11 16:34:49 Candidate 5 节点收到 4 的回复，投票结果是 true
2024/12/11 16:34:49 5 赢得了选举, 作为 Leader 的任期 Term 是 4
2024/12/11 16:34:49 Leader 5 第 1 次 发送心跳
2024/12/11 16:34:49 0 节点 收到来自 Leader 5 的附加日志请求
2024/12/11 16:34:49 0 节点因为 心跳/附加日志 重置了自己的心跳
2024/12/11 16:34:49 2 节点 收到来自 Leader 5 的附加日志请求
2024/12/11 16:34:49 2 节点因为 心跳/附加日志 重置了自己的心跳
2024/12/11 16:34:49 4 节点 收到来自 Leader 5 的附加日志请求
2024/12/11 16:34:49 1 节点 收到来自 Leader 5 的附加日志请求
2024/12/11 16:34:49 4 节点因为 心跳/附加日志 重置了自己的心跳
2024/12/11 16:34:49 1 节点因为 心跳/附加日志 重置了自己的心跳
2024/12/11 16:34:49 Leader 3 第 8 次 发送心跳
2024/12/11 16:34:50 Leader 5 第 2 次 发送心跳
2024/12/11 16:34:50 2 节点 收到来自 Leader 5 的附加日志请求
2024/12/11 16:34:50 2 节点因为 心跳/附加日志 重置了自己的心跳
2024/12/11 16:34:50 1 节点 收到来自 Leader 5 的附加日志请求
2024/12/11 16:34:50 1 节点因为 心跳/附加日志 重置了自己的心跳
2024/12/11 16:34:50 0 节点 收到来自 Leader 5 的附加日志请求
2024/12/11 16:34:50 0 节点因为 心跳/附加日志 重置了自己的心跳
2024/12/11 16:34:50 4 节点 收到来自 Leader 5 的附加日志请求
2024/12/11 16:34:50 4 节点因为 心跳/附加日志 重置了自己的心跳
2024/12/11 16:34:50 Leader 3 第 9 次 发送心跳
2024/12/11 16:34:50 Leader 5 第 3 次 发送心跳
2024/12/11 16:34:50 0 节点 收到来自 Leader 5 的附加日志请求
2024/12/11 16:34:50 2 节点 收到来自 Leader 5 的附加日志请求
2024/12/11 16:34:50 0 节点因为 心跳/附加日志 重置了自己的心跳
2024/12/11 16:34:50 2 节点因为 心跳/附加日志 重置了自己的心跳
2024/12/11 16:34:50 1 节点 收到来自 Leader 5 的附加日志请求
2024/12/11 16:34:50 1 节点因为 心跳/附加日志 重置了自己的心跳
2024/12/11 16:34:50 4 节点 收到来自 Leader 5 的附加日志请求
2024/12/11 16:34:50 4 节点因为 心跳/附加日志 重置了自己的心跳
2024/12/11 16:34:50 Candidate 6 节点向 0 节点发送选票请求，当前 Term：7
2024/12/11 16:34:50 Candidate 6 节点向 1 节点发送选票请求，当前 Term：7
2024/12/11 16:34:50 Candidate 6 节点向 2 节点发送选票请求，当前 Term：7
2024/12/11 16:34:50 Candidate 6 节点向 3 节点发送选票请求，当前 Term：7
2024/12/11 16:34:50 Candidate 6 节点向 4 节点发送选票请求，当前 Term：7
2024/12/11 16:34:50 Candidate 6 节点向 5 节点发送选票请求，当前 Term：7
2024/12/11 16:34:50 Leader 3 第 10 次 发送心跳
2024/12/11 16:34:50 Leader 5 第 4 次 发送心跳
2024/12/11 16:34:50 2 节点 收到来自 Leader 5 的附加日志请求
2024/12/11 16:34:50 2 节点因为 心跳/附加日志 重置了自己的心跳
2024/12/11 16:34:50 0 节点 收到来自 Leader 5 的附加日志请求
2024/12/11 16:34:50 0 节点因为 心跳/附加日志 重置了自己的心跳
2024/12/11 16:34:50 4 节点 收到来自 Leader 5 的附加日志请求
2024/12/11 16:34:50 4 节点因为 心跳/附加日志 重置了自己的心跳
2024/12/11 16:34:50 3 节点 收到来自 Leader 5 的附加日志请求
2024/12/11 16:34:50 3 节点因为 心跳/附加日志 重置了自己的心跳
2024/12/11 16:34:50 Leader 3 第 11 次 发送心跳
2024/12/11 16:34:50 2 节点 收到来自 Leader 3 的附加日志请求
2024/12/11 16:34:50 2 节点因为 心跳/附加日志 重置了自己的心跳
2024/12/11 16:34:50 5 节点 收到来自 Leader 3 的附加日志请求
2024/12/11 16:34:50 0 节点 收到来自 Leader 3 的附加日志请求
2024/12/11 16:34:50 5 节点因为 心跳/附加日志 重置了自己的心跳
2024/12/11 16:34:50 0 节点因为 心跳/附加日志 重置了自己的心跳
2024/12/11 16:34:50 4 节点 收到来自 Leader 3 的附加日志请求
2024/12/11 16:34:50 4 节点因为 心跳/附加日志 重置了自己的心跳
2024/12/11 16:34:50 3 节点从 Leader 身份变成了 Follower
2024/12/11 16:34:50 Leader 5 第 5 次 发送心跳
2024/12/11 16:34:50 2 节点 收到来自 Leader 5 的附加日志请求
2024/12/11 16:34:50 4 节点 收到来自 Leader 5 的附加日志请求
2024/12/11 16:34:50 2 节点因为 心跳/附加日志 重置了自己的心跳
2024/12/11 16:34:50 4 节点因为 心跳/附加日志 重置了自己的心跳
2024/12/11 16:34:50 3 节点 收到来自 Leader 5 的附加日志请求
2024/12/11 16:34:50 3 节点因为 心跳/附加日志 重置了自己的心跳
2024/12/11 16:34:50 0 节点 收到来自 Leader 5 的附加日志请求
2024/12/11 16:34:50 0 节点因为 心跳/附加日志 重置了自己的心跳
2024/12/11 16:34:50 Candidate 6 节点向 0 节点发送选票请求，当前 Term：8
2024/12/11 16:34:50 Candidate 6 节点向 1 节点发送选票请求，当前 Term：8
2024/12/11 16:34:50 Candidate 6 节点向 2 节点发送选票请求，当前 Term：8
2024/12/11 16:34:50 Candidate 6 节点向 3 节点发送选票请求，当前 Term：8
2024/12/11 16:34:50 Candidate 6 节点向 4 节点发送选票请求，当前 Term：8
2024/12/11 16:34:50 Candidate 6 节点向 5 节点发送选票请求，当前 Term：8
2024/12/11 16:34:50 1 节点超时，开始新一轮的选举，任期 Term = 4
2024/12/11 16:34:50 Candidate 1 节点向 0 节点发送选票请求，当前 Term：5
2024/12/11 16:34:50 Candidate 1 节点向 2 节点发送选票请求，当前 Term：5
2024/12/11 16:34:50 Candidate 1 节点向 3 节点发送选票请求，当前 Term：5
2024/12/11 16:34:50 Candidate 1 节点向 4 节点发送选票请求，当前 Term：5
2024/12/11 16:34:50 Candidate 1 节点向 5 节点发送选票请求，当前 Term：5
2024/12/11 16:34:50 Candidate 1 节点向 6 节点发送选票请求，当前 Term：5
2024/12/11 16:34:50 5 节点超时，开始新一轮的选举，任期 Term = 4
2024/12/11 16:34:50 Candidate 5 节点向 0 节点发送选票请求，当前 Term：5
2024/12/11 16:34:50 Candidate 5 节点向 1 节点发送选票请求，当前 Term：5
2024/12/11 16:34:50 Candidate 5 节点向 2 节点发送选票请求，当前 Term：5
2024/12/11 16:34:50 Candidate 5 节点向 3 节点发送选票请求，当前 Term：5
2024/12/11 16:34:50 Candidate 5 节点向 4 节点发送选票请求，当前 Term：5
2024/12/11 16:34:50 Candidate 5 节点向 6 节点发送选票请求，当前 Term：5
2024/12/11 16:34:50 2 节点 收到来自 Candidate 5 的选票请求，当前支持的是 5
2024/12/11 16:34:50 0 节点 收到来自 Candidate 5 的选票请求，当前支持的是 5
2024/12/11 16:34:50 4 节点 收到来自 Candidate 5 的选票请求，当前支持的是 5
2024/12/11 16:34:50 3 节点 收到来自 Candidate 5 的选票请求，当前支持的是 -1
2024/12/11 16:34:50 Candidate 5 节点收到 2 的回复，投票结果是 true
2024/12/11 16:34:50 Candidate 5 节点收到 0 的回复，投票结果是 true
2024/12/11 16:34:50 Candidate 5 节点收到 4 的回复，投票结果是 true
2024/12/11 16:34:50 Candidate 5 节点收到 3 的回复，投票结果是 true
2024/12/11 16:34:50 5 赢得了选举, 作为 Leader 的任期 Term 是 5
2024/12/11 16:34:50 Leader 5 第 1 次 发送心跳
2024/12/11 16:34:50 4 节点 收到来自 Leader 5 的附加日志请求
2024/12/11 16:34:50 4 节点因为 心跳/附加日志 重置了自己的心跳
2024/12/11 16:34:50 3 节点 收到来自 Leader 5 的附加日志请求
2024/12/11 16:34:50 3 节点因为 心跳/附加日志 重置了自己的心跳
2024/12/11 16:34:50 0 节点 收到来自 Leader 5 的附加日志请求
2024/12/11 16:34:50 0 节点因为 心跳/附加日志 重置了自己的心跳
2024/12/11 16:34:50 2 节点 收到来自 Leader 5 的附加日志请求
2024/12/11 16:34:50 2 节点因为 心跳/附加日志 重置了自己的心跳
2024/12/11 16:34:50 Leader 5 第 2 次 发送心跳
2024/12/11 16:34:50 0 节点 收到来自 Leader 5 的附加日志请求
2024/12/11 16:34:50 0 节点因为 心跳/附加日志 重置了自己的心跳
2024/12/11 16:34:50 2 节点 收到来自 Leader 5 的附加日志请求
2024/12/11 16:34:50 3 节点 收到来自 Leader 5 的附加日志请求
2024/12/11 16:34:50 2 节点因为 心跳/附加日志 重置了自己的心跳
2024/12/11 16:34:50 3 节点因为 心跳/附加日志 重置了自己的心跳
2024/12/11 16:34:50 4 节点 收到来自 Leader 5 的附加日志请求
2024/12/11 16:34:50 4 节点因为 心跳/附加日志 重置了自己的心跳
2024/12/11 16:34:50 Candidate 6 节点向 0 节点发送选票请求，当前 Term：9
2024/12/11 16:34:50 Candidate 6 节点向 1 节点发送选票请求，当前 Term：9
2024/12/11 16:34:50 Candidate 6 节点向 2 节点发送选票请求，当前 Term：9
2024/12/11 16:34:50 Candidate 6 节点向 3 节点发送选票请求，当前 Term：9
2024/12/11 16:34:50 Candidate 6 节点向 4 节点发送选票请求，当前 Term：9
2024/12/11 16:34:50 Candidate 6 节点向 5 节点发送选票请求，当前 Term：9
2024/12/11 16:34:50 Candidate 1 节点向 0 节点发送选票请求，当前 Term：6
2024/12/11 16:34:50 Candidate 1 节点向 2 节点发送选票请求，当前 Term：6
2024/12/11 16:34:50 Candidate 1 节点向 3 节点发送选票请求，当前 Term：6
2024/12/11 16:34:50 Candidate 1 节点向 4 节点发送选票请求，当前 Term：6
2024/12/11 16:34:50 Candidate 1 节点向 5 节点发送选票请求，当前 Term：6
2024/12/11 16:34:50 Candidate 1 节点向 6 节点发送选票请求，当前 Term：6
2024/12/11 16:34:50 Leader 5 第 3 次 发送心跳
2024/12/11 16:34:50 4 节点 收到来自 Leader 5 的附加日志请求
2024/12/11 16:34:50 4 节点因为 心跳/附加日志 重置了自己的心跳
2024/12/11 16:34:50 2 节点 收到来自 Leader 5 的附加日志请求
2024/12/11 16:34:50 0 节点 收到来自 Leader 5 的附加日志请求
2024/12/11 16:34:50 2 节点因为 心跳/附加日志 重置了自己的心跳
2024/12/11 16:34:50 0 节点因为 心跳/附加日志 重置了自己的心跳
2024/12/11 16:34:50 Leader 5 第 4 次 发送心跳
2024/12/11 16:34:50 0 节点 收到来自 Leader 5 的附加日志请求
2024/12/11 16:34:50 2 节点 收到来自 Leader 5 的附加日志请求
2024/12/11 16:34:50 0 节点因为 心跳/附加日志 重置了自己的心跳
2024/12/11 16:34:50 2 节点因为 心跳/附加日志 重置了自己的心跳
2024/12/11 16:34:50 4 节点 收到来自 Leader 5 的附加日志请求
2024/12/11 16:34:50 4 节点因为 心跳/附加日志 重置了自己的心跳
2024/12/11 16:34:50 Candidate 6 节点向 0 节点发送选票请求，当前 Term：10
2024/12/11 16:34:50 Candidate 6 节点向 1 节点发送选票请求，当前 Term：10
2024/12/11 16:34:50 Candidate 6 节点向 2 节点发送选票请求，当前 Term：10
2024/12/11 16:34:50 Candidate 6 节点向 3 节点发送选票请求，当前 Term：10
2024/12/11 16:34:50 Candidate 6 节点向 4 节点发送选票请求，当前 Term：10
2024/12/11 16:34:50 Candidate 6 节点向 5 节点发送选票请求，当前 Term：10
2024/12/11 16:34:50 Leader 5 第 5 次 发送心跳
2024/12/11 16:34:50 0 节点 收到来自 Leader 5 的附加日志请求
2024/12/11 16:34:50 0 节点因为 心跳/附加日志 重置了自己的心跳
2024/12/11 16:34:50 4 节点 收到来自 Leader 5 的附加日志请求
2024/12/11 16:34:50 4 节点因为 心跳/附加日志 重置了自己的心跳
2024/12/11 16:34:50 2 节点 收到来自 Leader 5 的附加日志请求
2024/12/11 16:34:50 2 节点因为 心跳/附加日志 重置了自己的心跳
2024/12/11 16:34:50 Candidate 1 节点向 0 节点发送选票请求，当前 Term：7
2024/12/11 16:34:50 Candidate 1 节点向 2 节点发送选票请求，当前 Term：7
2024/12/11 16:34:50 Candidate 1 节点向 3 节点发送选票请求，当前 Term：7
2024/12/11 16:34:50 Candidate 1 节点向 4 节点发送选票请求，当前 Term：7
2024/12/11 16:34:50 Candidate 1 节点向 5 节点发送选票请求，当前 Term：7
2024/12/11 16:34:50 Candidate 1 节点向 6 节点发送选票请求，当前 Term：7
2024/12/11 16:34:50 3 节点超时，开始新一轮的选举，任期 Term = 5
2024/12/11 16:34:50 Candidate 3 节点向 0 节点发送选票请求，当前 Term：6
2024/12/11 16:34:50 Candidate 3 节点向 1 节点发送选票请求，当前 Term：6
2024/12/11 16:34:50 Candidate 3 节点向 2 节点发送选票请求，当前 Term：6
2024/12/11 16:34:50 Candidate 3 节点向 4 节点发送选票请求，当前 Term：6
2024/12/11 16:34:50 Candidate 3 节点向 5 节点发送选票请求，当前 Term：6
2024/12/11 16:34:50 Candidate 3 节点向 6 节点发送选票请求，当前 Term：6
2024/12/11 16:34:51 Leader 5 第 6 次 发送心跳
2024/12/11 16:34:51 4 节点 收到来自 Leader 5 的附加日志请求
2024/12/11 16:34:51 2 节点 收到来自 Leader 5 的附加日志请求
2024/12/11 16:34:51 4 节点因为 心跳/附加日志 重置了自己的心跳
2024/12/11 16:34:51 2 节点因为 心跳/附加日志 重置了自己的心跳
2024/12/11 16:34:51 0 节点 收到来自 Leader 5 的附加日志请求
2024/12/11 16:34:51 0 节点因为 心跳/附加日志 重置了自己的心跳
2024/12/11 16:34:51 Leader 5 第 7 次 发送心跳
2024/12/11 16:34:51 0 节点 收到来自 Leader 5 的附加日志请求
2024/12/11 16:34:51 2 节点 收到来自 Leader 5 的附加日志请求
2024/12/11 16:34:51 0 节点因为 心跳/附加日志 重置了自己的心跳
2024/12/11 16:34:51 2 节点因为 心跳/附加日志 重置了自己的心跳
2024/12/11 16:34:51 4 节点 收到来自 Leader 5 的附加日志请求
2024/12/11 16:34:51 4 节点因为 心跳/附加日志 重置了自己的心跳
2024/12/11 16:34:51 Candidate 1 节点向 0 节点发送选票请求，当前 Term：8
2024/12/11 16:34:51 Candidate 1 节点向 2 节点发送选票请求，当前 Term：8
2024/12/11 16:34:51 Candidate 1 节点向 3 节点发送选票请求，当前 Term：8
2024/12/11 16:34:51 Candidate 1 节点向 4 节点发送选票请求，当前 Term：8
2024/12/11 16:34:51 Candidate 1 节点向 5 节点发送选票请求，当前 Term：8
2024/12/11 16:34:51 Candidate 1 节点向 6 节点发送选票请求，当前 Term：8
2024/12/11 16:34:51 Candidate 6 节点向 0 节点发送选票请求，当前 Term：11
2024/12/11 16:34:51 Candidate 6 节点向 1 节点发送选票请求，当前 Term：11
2024/12/11 16:34:51 Candidate 6 节点向 2 节点发送选票请求，当前 Term：11
2024/12/11 16:34:51 Candidate 6 节点向 3 节点发送选票请求，当前 Term：11
2024/12/11 16:34:51 Candidate 6 节点向 4 节点发送选票请求，当前 Term：11
2024/12/11 16:34:51 Candidate 6 节点向 5 节点发送选票请求，当前 Term：11
2024/12/11 16:34:51 Leader 5 第 8 次 发送心跳
2024/12/11 16:34:51 0 节点 收到来自 Leader 5 的附加日志请求
2024/12/11 16:34:51 0 节点因为 心跳/附加日志 重置了自己的心跳
2024/12/11 16:34:51 4 节点 收到来自 Leader 5 的附加日志请求
2024/12/11 16:34:51 4 节点因为 心跳/附加日志 重置了自己的心跳
2024/12/11 16:34:51 3 节点 收到来自 Leader 5 的附加日志请求
2024/12/11 16:34:51 3 节点从 Candiadate 变成了 Follower
2024/12/11 16:34:51 3 节点因为 心跳/附加日志 重置了自己的心跳
2024/12/11 16:34:51 5 节点从 Leader 身份变成了 Follower
2024/12/11 16:34:51 Candidate 1 节点向 0 节点发送选票请求，当前 Term：9
2024/12/11 16:34:51 Candidate 1 节点向 2 节点发送选票请求，当前 Term：9
2024/12/11 16:34:51 Candidate 1 节点向 3 节点发送选票请求，当前 Term：9
2024/12/11 16:34:51 Candidate 1 节点向 4 节点发送选票请求，当前 Term：9
2024/12/11 16:34:51 Candidate 1 节点向 5 节点发送选票请求，当前 Term：9
2024/12/11 16:34:51 Candidate 1 节点向 6 节点发送选票请求，当前 Term：9
2024/12/11 16:34:51 Leader 5 第 9 次 发送心跳
2024/12/11 16:34:51 0 节点 收到来自 Leader 5 的附加日志请求
2024/12/11 16:34:51 0 节点因为 心跳/附加日志 重置了自己的心跳
2024/12/11 16:34:51 3 节点 收到来自 Leader 5 的附加日志请求
2024/12/11 16:34:51 3 节点因为 心跳/附加日志 重置了自己的心跳
2024/12/11 16:34:51 4 节点 收到来自 Leader 5 的附加日志请求
2024/12/11 16:34:51 4 节点因为 心跳/附加日志 重置了自己的心跳
2024/12/11 16:34:51 Candidate 6 节点向 0 节点发送选票请求，当前 Term：12
2024/12/11 16:34:51 Candidate 6 节点向 1 节点发送选票请求，当前 Term：12
2024/12/11 16:34:51 Candidate 6 节点向 2 节点发送选票请求，当前 Term：12
2024/12/11 16:34:51 Candidate 6 节点向 3 节点发送选票请求，当前 Term：12
2024/12/11 16:34:51 Candidate 6 节点向 4 节点发送选票请求，当前 Term：12
2024/12/11 16:34:51 Candidate 6 节点向 5 节点发送选票请求，当前 Term：12
2024/12/11 16:34:51 2 节点超时，开始新一轮的选举，任期 Term = 5
2024/12/11 16:34:51 Candidate 2 节点向 0 节点发送选票请求，当前 Term：6
2024/12/11 16:34:51 Candidate 2 节点向 1 节点发送选票请求，当前 Term：6
2024/12/11 16:34:51 Candidate 2 节点向 3 节点发送选票请求，当前 Term：6
2024/12/11 16:34:51 Candidate 2 节点向 4 节点发送选票请求，当前 Term：6
2024/12/11 16:34:51 Candidate 2 节点向 5 节点发送选票请求，当前 Term：6
2024/12/11 16:34:51 Candidate 2 节点向 6 节点发送选票请求，当前 Term：6
2024/12/11 16:34:51 Candidate 1 节点向 0 节点发送选票请求，当前 Term：10
2024/12/11 16:34:51 Candidate 1 节点向 2 节点发送选票请求，当前 Term：10
2024/12/11 16:34:51 Candidate 1 节点向 3 节点发送选票请求，当前 Term：10
2024/12/11 16:34:51 Candidate 1 节点向 4 节点发送选票请求，当前 Term：10
2024/12/11 16:34:51 Candidate 1 节点向 5 节点发送选票请求，当前 Term：10
2024/12/11 16:34:51 Candidate 1 节点向 6 节点发送选票请求，当前 Term：10
2024/12/11 16:34:51 Candidate 6 节点向 0 节点发送选票请求，当前 Term：13
2024/12/11 16:34:51 Candidate 6 节点向 1 节点发送选票请求，当前 Term：13
2024/12/11 16:34:51 Candidate 6 节点向 2 节点发送选票请求，当前 Term：13
2024/12/11 16:34:51 Candidate 6 节点向 3 节点发送选票请求，当前 Term：13
2024/12/11 16:34:51 Candidate 6 节点向 4 节点发送选票请求，当前 Term：13
2024/12/11 16:34:51 Candidate 6 节点向 5 节点发送选票请求，当前 Term：13
2024/12/11 16:34:51 0 节点超时，开始新一轮的选举，任期 Term = 5
2024/12/11 16:34:51 Candidate 0 节点向 1 节点发送选票请求，当前 Term：6
2024/12/11 16:34:51 Candidate 0 节点向 2 节点发送选票请求，当前 Term：6
2024/12/11 16:34:51 Candidate 0 节点向 3 节点发送选票请求，当前 Term：6
2024/12/11 16:34:51 Candidate 0 节点向 4 节点发送选票请求，当前 Term：6
2024/12/11 16:34:51 Candidate 0 节点向 5 节点发送选票请求，当前 Term：6
2024/12/11 16:34:51 Candidate 0 节点向 6 节点发送选票请求，当前 Term：6
2024/12/11 16:34:51 3 节点 收到来自 Candidate 0 的选票请求，当前支持的是 3
2024/12/11 16:34:51 5 节点 收到来自 Candidate 0 的选票请求，当前支持的是 -1
2024/12/11 16:34:51 4 节点 收到来自 Candidate 0 的选票请求，当前支持的是 5
2024/12/11 16:34:51 Candidate 0 节点收到 3 的回复，投票结果是 false
2024/12/11 16:34:51 Candidate 0 节点收到 5 的回复，投票结果是 true
2024/12/11 16:34:51 Candidate 0 节点收到 4 的回复，投票结果是 true
2024/12/11 16:34:51 3 节点超时，开始新一轮的选举，任期 Term = 6
2024/12/11 16:34:51 Candidate 3 节点向 0 节点发送选票请求，当前 Term：7
2024/12/11 16:34:51 Candidate 3 节点向 1 节点发送选票请求，当前 Term：7
2024/12/11 16:34:51 Candidate 3 节点向 2 节点发送选票请求，当前 Term：7
2024/12/11 16:34:51 Candidate 3 节点向 4 节点发送选票请求，当前 Term：7
2024/12/11 16:34:51 Candidate 3 节点向 5 节点发送选票请求，当前 Term：7
2024/12/11 16:34:51 Candidate 3 节点向 6 节点发送选票请求，当前 Term：7
2024/12/11 16:34:51 0 节点 收到来自 Candidate 3 的选票请求，当前支持的是 0
2024/12/11 16:34:51 4 节点 收到来自 Candidate 3 的选票请求，当前支持的是 0
2024/12/11 16:34:51 5 节点 收到来自 Candidate 3 的选票请求，当前支持的是 0
2024/12/11 16:34:51 Candidate 3 节点收到 0 的回复，投票结果是 true
2024/12/11 16:34:51 Candidate 3 节点收到 4 的回复，投票结果是 true
2024/12/11 16:34:51 Candidate 3 节点收到 5 的回复，投票结果是 true
2024/12/11 16:34:51 3 赢得了选举, 作为 Leader 的任期 Term 是 7
2024/12/11 16:34:51 Leader 3 第 1 次 发送心跳
2024/12/11 16:34:51 5 节点 收到来自 Leader 3 的附加日志请求
2024/12/11 16:34:51 5 节点因为 心跳/附加日志 重置了自己的心跳
2024/12/11 16:34:51 0 节点 收到来自 Leader 3 的附加日志请求
2024/12/11 16:34:51 0 节点因为 心跳/附加日志 重置了自己的心跳
2024/12/11 16:34:51 4 节点 收到来自 Leader 3 的附加日志请求
2024/12/11 16:34:51 4 节点因为 心跳/附加日志 重置了自己的心跳
2024/12/11 16:34:51 Candidate 1 节点向 0 节点发送选票请求，当前 Term：11
2024/12/11 16:34:51 Candidate 1 节点向 2 节点发送选票请求，当前 Term：11
2024/12/11 16:34:51 Candidate 1 节点向 3 节点发送选票请求，当前 Term：11
2024/12/11 16:34:51 Candidate 1 节点向 4 节点发送选票请求，当前 Term：11
2024/12/11 16:34:51 Candidate 1 节点向 5 节点发送选票请求，当前 Term：11
2024/12/11 16:34:51 Candidate 1 节点向 6 节点发送选票请求，当前 Term：11
2024/12/11 16:34:51 0 节点 收到来自 Candidate 1 的选票请求，当前支持的是 3
2024/12/11 16:34:51 4 节点 收到来自 Candidate 1 的选票请求，当前支持的是 3
2024/12/11 16:34:51 3 节点 收到来自 Candidate 1 的选票请求，当前支持的是 3
2024/12/11 16:34:51 5 节点 收到来自 Candidate 1 的选票请求，当前支持的是 3
2024/12/11 16:34:51 Candidate 1 节点收到 0 的回复，投票结果是 true
2024/12/11 16:34:51 Candidate 1 节点收到 4 的回复，投票结果是 true
2024/12/11 16:34:51 Candidate 1 节点收到 3 的回复，投票结果是 true
2024/12/11 16:34:51 Candidate 1 节点收到 5 的回复，投票结果是 true
2024/12/11 16:34:51 1 赢得了选举, 作为 Leader 的任期 Term 是 11
2024/12/11 16:34:51 Leader 1 第 1 次 发送心跳
2024/12/11 16:34:51 5 节点 收到来自 Leader 1 的附加日志请求
2024/12/11 16:34:51 5 节点因为 心跳/附加日志 重置了自己的心跳
2024/12/11 16:34:51 4 节点 收到来自 Leader 1 的附加日志请求
2024/12/11 16:34:51 4 节点因为 心跳/附加日志 重置了自己的心跳
2024/12/11 16:34:51 0 节点 收到来自 Leader 1 的附加日志请求
2024/12/11 16:34:51 0 节点因为 心跳/附加日志 重置了自己的心跳
2024/12/11 16:34:51 3 节点 收到来自 Leader 1 的附加日志请求
2024/12/11 16:34:51 3 节点因为 心跳/附加日志 重置了自己的心跳
2024/12/11 16:34:51 Leader 3 第 2 次 发送心跳
2024/12/11 16:34:51 0 节点 收到来自 Leader 3 的附加日志请求
2024/12/11 16:34:51 0 节点因为 心跳/附加日志 重置了自己的心跳
2024/12/11 16:34:51 4 节点 收到来自 Leader 3 的附加日志请求
2024/12/11 16:34:51 5 节点 收到来自 Leader 3 的附加日志请求
2024/12/11 16:34:51 4 节点因为 心跳/附加日志 重置了自己的心跳
2024/12/11 16:34:51 1 节点 收到来自 Leader 3 的附加日志请求
2024/12/11 16:34:51 5 节点因为 心跳/附加日志 重置了自己的心跳
2024/12/11 16:34:51 1 节点因为 心跳/附加日志 重置了自己的心跳
2024/12/11 16:34:51 Candidate 2 节点向 0 节点发送选票请求，当前 Term：7
2024/12/11 16:34:51 Candidate 2 节点向 1 节点发送选票请求，当前 Term：7
2024/12/11 16:34:51 Candidate 2 节点向 3 节点发送选票请求，当前 Term：7
2024/12/11 16:34:51 Candidate 2 节点向 4 节点发送选票请求，当前 Term：7
2024/12/11 16:34:51 Candidate 2 节点向 5 节点发送选票请求，当前 Term：7
2024/12/11 16:34:51 Candidate 2 节点向 6 节点发送选票请求，当前 Term：7
2024/12/11 16:34:51 Candidate 6 节点向 0 节点发送选票请求，当前 Term：14
2024/12/11 16:34:51 Candidate 6 节点向 1 节点发送选票请求，当前 Term：14
2024/12/11 16:34:51 Candidate 6 节点向 2 节点发送选票请求，当前 Term：14
2024/12/11 16:34:51 Candidate 6 节点向 3 节点发送选票请求，当前 Term：14
2024/12/11 16:34:51 Candidate 6 节点向 4 节点发送选票请求，当前 Term：14
2024/12/11 16:34:51 Candidate 6 节点向 5 节点发送选票请求，当前 Term：14
2024/12/11 16:34:51 Leader 1 第 2 次 发送心跳
2024/12/11 16:34:51 3 节点 收到来自 Leader 1 的附加日志请求
2024/12/11 16:34:51 5 节点 收到来自 Leader 1 的附加日志请求
2024/12/11 16:34:51 3 节点因为 心跳/附加日志 重置了自己的心跳
2024/12/11 16:34:51 4 节点 收到来自 Leader 1 的附加日志请求
2024/12/11 16:34:51 0 节点 收到来自 Leader 1 的附加日志请求
2024/12/11 16:34:51 4 节点因为 心跳/附加日志 重置了自己的心跳
2024/12/11 16:34:51 0 节点因为 心跳/附加日志 重置了自己的心跳
2024/12/11 16:34:51 5 节点因为 心跳/附加日志 重置了自己的心跳
2024/12/11 16:34:51 Candidate 2 节点向 0 节点发送选票请求，当前 Term：8
2024/12/11 16:34:51 Candidate 2 节点向 1 节点发送选票请求，当前 Term：8
2024/12/11 16:34:51 Candidate 2 节点向 3 节点发送选票请求，当前 Term：8
2024/12/11 16:34:51 Candidate 2 节点向 4 节点发送选票请求，当前 Term：8
2024/12/11 16:34:51 Candidate 2 节点向 5 节点发送选票请求，当前 Term：8
2024/12/11 16:34:51 Candidate 2 节点向 6 节点发送选票请求，当前 Term：8
2024/12/11 16:34:52 1 节点超时，开始新一轮的选举，任期 Term = 11
2024/12/11 16:34:52 Candidate 1 节点向 0 节点发送选票请求，当前 Term：12
2024/12/11 16:34:52 Candidate 1 节点向 2 节点发送选票请求，当前 Term：12
2024/12/11 16:34:52 Candidate 1 节点向 3 节点发送选票请求，当前 Term：12
2024/12/11 16:34:52 Candidate 1 节点向 4 节点发送选票请求，当前 Term：12
2024/12/11 16:34:52 Candidate 1 节点向 5 节点发送选票请求，当前 Term：12
2024/12/11 16:34:52 Candidate 1 节点向 6 节点发送选票请求，当前 Term：12
2024/12/11 16:34:52 3 节点 收到来自 Candidate 1 的选票请求，当前支持的是 1
2024/12/11 16:34:52 0 节点 收到来自 Candidate 1 的选票请求，当前支持的是 1
2024/12/11 16:34:52 4 节点 收到来自 Candidate 1 的选票请求，当前支持的是 1
2024/12/11 16:34:52 5 节点 收到来自 Candidate 1 的选票请求，当前支持的是 1
2024/12/11 16:34:52 Candidate 1 节点收到 3 的回复，投票结果是 true
2024/12/11 16:34:52 Candidate 1 节点收到 0 的回复，投票结果是 true
2024/12/11 16:34:52 Candidate 1 节点收到 5 的回复，投票结果是 true
2024/12/11 16:34:52 Candidate 1 节点收到 4 的回复，投票结果是 true
2024/12/11 16:34:52 1 赢得了选举, 作为 Leader 的任期 Term 是 12
2024/12/11 16:34:52 Leader 1 第 1 次 发送心跳
2024/12/11 16:34:52 0 节点 收到来自 Leader 1 的附加日志请求
2024/12/11 16:34:52 0 节点因为 心跳/附加日志 重置了自己的心跳
2024/12/11 16:34:52 4 节点 收到来自 Leader 1 的附加日志请求
2024/12/11 16:34:52 4 节点因为 心跳/附加日志 重置了自己的心跳
2024/12/11 16:34:52 5 节点 收到来自 Leader 1 的附加日志请求
2024/12/11 16:34:52 5 节点因为 心跳/附加日志 重置了自己的心跳
2024/12/11 16:34:52 3 节点 收到来自 Leader 1 的附加日志请求
2024/12/11 16:34:52 3 节点因为 心跳/附加日志 重置了自己的心跳
2024/12/11 16:34:52 Candidate 2 节点向 0 节点发送选票请求，当前 Term：9
2024/12/11 16:34:52 Candidate 2 节点向 1 节点发送选票请求，当前 Term：9
2024/12/11 16:34:52 Candidate 2 节点向 3 节点发送选票请求，当前 Term：9
2024/12/11 16:34:52 Candidate 2 节点向 4 节点发送选票请求，当前 Term：9
2024/12/11 16:34:52 Candidate 2 节点向 5 节点发送选票请求，当前 Term：9
2024/12/11 16:34:52 Candidate 2 节点向 6 节点发送选票请求，当前 Term：9
2024/12/11 16:34:52 Candidate 6 节点向 0 节点发送选票请求，当前 Term：15
2024/12/11 16:34:52 Candidate 6 节点向 1 节点发送选票请求，当前 Term：15
2024/12/11 16:34:52 Candidate 6 节点向 2 节点发送选票请求，当前 Term：15
2024/12/11 16:34:52 Candidate 6 节点向 3 节点发送选票请求，当前 Term：15
2024/12/11 16:34:52 Candidate 6 节点向 4 节点发送选票请求，当前 Term：15
2024/12/11 16:34:52 Candidate 6 节点向 5 节点发送选票请求，当前 Term：15
2024/12/11 16:34:52 Leader 1 第 2 次 发送心跳
2024/12/11 16:34:52 5 节点 收到来自 Leader 1 的附加日志请求
2024/12/11 16:34:52 3 节点 收到来自 Leader 1 的附加日志请求
2024/12/11 16:34:52 3 节点因为 心跳/附加日志 重置了自己的心跳
2024/12/11 16:34:52 5 节点因为 心跳/附加日志 重置了自己的心跳
2024/12/11 16:34:52 0 节点 收到来自 Leader 1 的附加日志请求
2024/12/11 16:34:52 0 节点因为 心跳/附加日志 重置了自己的心跳
2024/12/11 16:34:52 4 节点 收到来自 Leader 1 的附加日志请求
2024/12/11 16:34:52 4 节点因为 心跳/附加日志 重置了自己的心跳
2024/12/11 16:34:52 Leader 1 第 3 次 发送心跳
2024/12/11 16:34:52 0 节点 收到来自 Leader 1 的附加日志请求
2024/12/11 16:34:52 0 节点因为 心跳/附加日志 重置了自己的心跳
2024/12/11 16:34:52 5 节点 收到来自 Leader 1 的附加日志请求
2024/12/11 16:34:52 4 节点 收到来自 Leader 1 的附加日志请求
2024/12/11 16:34:52 5 节点因为 心跳/附加日志 重置了自己的心跳
2024/12/11 16:34:52 4 节点因为 心跳/附加日志 重置了自己的心跳
2024/12/11 16:34:52 Candidate 2 节点向 0 节点发送选票请求，当前 Term：10
2024/12/11 16:34:52 Candidate 2 节点向 1 节点发送选票请求，当前 Term：10
2024/12/11 16:34:52 Candidate 2 节点向 3 节点发送选票请求，当前 Term：10
2024/12/11 16:34:52 Candidate 2 节点向 4 节点发送选票请求，当前 Term：10
2024/12/11 16:34:52 Candidate 2 节点向 5 节点发送选票请求，当前 Term：10
2024/12/11 16:34:52 Candidate 2 节点向 6 节点发送选票请求，当前 Term：10
2024/12/11 16:34:52 Leader 1 第 4 次 发送心跳
2024/12/11 16:34:52 0 节点 收到来自 Leader 1 的附加日志请求
2024/12/11 16:34:52 0 节点因为 心跳/附加日志 重置了自己的心跳
2024/12/11 16:34:52 4 节点 收到来自 Leader 1 的附加日志请求
2024/12/11 16:34:52 5 节点 收到来自 Leader 1 的附加日志请求
2024/12/11 16:34:52 4 节点因为 心跳/附加日志 重置了自己的心跳
2024/12/11 16:34:52 5 节点因为 心跳/附加日志 重置了自己的心跳
2024/12/11 16:34:52 Candidate 6 节点向 0 节点发送选票请求，当前 Term：16
2024/12/11 16:34:52 Candidate 6 节点向 1 节点发送选票请求，当前 Term：16
2024/12/11 16:34:52 Candidate 6 节点向 2 节点发送选票请求，当前 Term：16
2024/12/11 16:34:52 Candidate 6 节点向 3 节点发送选票请求，当前 Term：16
2024/12/11 16:34:52 Candidate 6 节点向 4 节点发送选票请求，当前 Term：16
2024/12/11 16:34:52 Candidate 6 节点向 5 节点发送选票请求，当前 Term：16
2024/12/11 16:34:52 3 节点超时，开始新一轮的选举，任期 Term = 12
2024/12/11 16:34:52 Candidate 3 节点向 0 节点发送选票请求，当前 Term：13
2024/12/11 16:34:52 Candidate 3 节点向 1 节点发送选票请求，当前 Term：13
2024/12/11 16:34:52 Candidate 3 节点向 2 节点发送选票请求，当前 Term：13
2024/12/11 16:34:52 Candidate 3 节点向 4 节点发送选票请求，当前 Term：13
2024/12/11 16:34:52 Candidate 3 节点向 5 节点发送选票请求，当前 Term：13
2024/12/11 16:34:52 Candidate 3 节点向 6 节点发送选票请求，当前 Term：13
2024/12/11 16:34:52 Leader 1 第 5 次 发送心跳
2024/12/11 16:34:52 4 节点 收到来自 Leader 1 的附加日志请求
2024/12/11 16:34:52 4 节点因为 心跳/附加日志 重置了自己的心跳
2024/12/11 16:34:52 5 节点 收到来自 Leader 1 的附加日志请求
2024/12/11 16:34:52 0 节点 收到来自 Leader 1 的附加日志请求
2024/12/11 16:34:52 5 节点因为 心跳/附加日志 重置了自己的心跳
2024/12/11 16:34:52 0 节点因为 心跳/附加日志 重置了自己的心跳
2024/12/11 16:34:52 Leader 1 第 6 次 发送心跳
2024/12/11 16:34:52 0 节点 收到来自 Leader 1 的附加日志请求
2024/12/11 16:34:52 0 节点因为 心跳/附加日志 重置了自己的心跳
2024/12/11 16:34:52 5 节点 收到来自 Leader 1 的附加日志请求
2024/12/11 16:34:52 5 节点因为 心跳/附加日志 重置了自己的心跳
2024/12/11 16:34:52 4 节点 收到来自 Leader 1 的附加日志请求
2024/12/11 16:34:52 4 节点因为 心跳/附加日志 重置了自己的心跳
2024/12/11 16:34:52 Candidate 3 节点向 0 节点发送选票请求，当前 Term：14
2024/12/11 16:34:52 Candidate 3 节点向 1 节点发送选票请求，当前 Term：14
2024/12/11 16:34:52 Candidate 3 节点向 2 节点发送选票请求，当前 Term：14
2024/12/11 16:34:52 Candidate 3 节点向 4 节点发送选票请求，当前 Term：14
2024/12/11 16:34:52 Candidate 3 节点向 5 节点发送选票请求，当前 Term：14
2024/12/11 16:34:52 Candidate 3 节点向 6 节点发送选票请求，当前 Term：14
2024/12/11 16:34:52 Candidate 2 节点向 0 节点发送选票请求，当前 Term：11
2024/12/11 16:34:52 Candidate 2 节点向 1 节点发送选票请求，当前 Term：11
2024/12/11 16:34:52 Candidate 2 节点向 3 节点发送选票请求，当前 Term：11
2024/12/11 16:34:52 Candidate 2 节点向 4 节点发送选票请求，当前 Term：11
2024/12/11 16:34:52 Candidate 2 节点向 5 节点发送选票请求，当前 Term：11
2024/12/11 16:34:52 Candidate 2 节点向 6 节点发送选票请求，当前 Term：11
2024/12/11 16:34:52 Leader 1 第 7 次 发送心跳
2024/12/11 16:34:52 4 节点 收到来自 Leader 1 的附加日志请求
2024/12/11 16:34:52 4 节点因为 心跳/附加日志 重置了自己的心跳
2024/12/11 16:34:52 5 节点 收到来自 Leader 1 的附加日志请求
2024/12/11 16:34:52 5 节点因为 心跳/附加日志 重置了自己的心跳
2024/12/11 16:34:52 0 节点 收到来自 Leader 1 的附加日志请求
2024/12/11 16:34:52 0 节点因为 心跳/附加日志 重置了自己的心跳
2024/12/11 16:34:52 Candidate 6 节点向 0 节点发送选票请求，当前 Term：17
2024/12/11 16:34:52 Candidate 6 节点向 1 节点发送选票请求，当前 Term：17
2024/12/11 16:34:52 Candidate 6 节点向 2 节点发送选票请求，当前 Term：17
2024/12/11 16:34:52 Candidate 6 节点向 3 节点发送选票请求，当前 Term：17
2024/12/11 16:34:52 Candidate 6 节点向 4 节点发送选票请求，当前 Term：17
2024/12/11 16:34:52 Candidate 6 节点向 5 节点发送选票请求，当前 Term：17
2024/12/11 16:34:52 Leader 1 第 8 次 发送心跳
2024/12/11 16:34:52 6 节点 收到来自 Leader 1 的附加日志请求
2024/12/11 16:34:52 3 节点 收到来自 Leader 1 的附加日志请求
2024/12/11 16:34:52 6 节点从 Candiadate 变成了 Follower
2024/12/11 16:34:52 3 节点从 Candiadate 变成了 Follower
2024/12/11 16:34:52 6 节点因为 心跳/附加日志 重置了自己的心跳
2024/12/11 16:34:52 3 节点因为 心跳/附加日志 重置了自己的心跳
2024/12/11 16:34:52 0 节点 收到来自 Leader 1 的附加日志请求
2024/12/11 16:34:52 0 节点因为 心跳/附加日志 重置了自己的心跳
2024/12/11 16:34:52 5 节点 收到来自 Leader 1 的附加日志请求
2024/12/11 16:34:52 5 节点因为 心跳/附加日志 重置了自己的心跳
2024/12/11 16:34:52 1 节点从 Leader 身份变成了 Follower
2024/12/11 16:34:52 Leader 1 第 9 次 发送心跳
2024/12/11 16:34:52 Candidate 2 节点向 0 节点发送选票请求，当前 Term：12
2024/12/11 16:34:52 Candidate 2 节点向 1 节点发送选票请求，当前 Term：12
2024/12/11 16:34:52 Candidate 2 节点向 3 节点发送选票请求，当前 Term：12
2024/12/11 16:34:52 Candidate 2 节点向 4 节点发送选票请求，当前 Term：12
2024/12/11 16:34:52 Candidate 2 节点向 5 节点发送选票请求，当前 Term：12
2024/12/11 16:34:52 Candidate 2 节点向 6 节点发送选票请求，当前 Term：12
2024/12/11 16:34:52 0 节点 收到来自 Leader 1 的附加日志请求
2024/12/11 16:34:52 0 节点因为 心跳/附加日志 重置了自己的心跳
2024/12/11 16:34:52 3 节点 收到来自 Leader 1 的附加日志请求
2024/12/11 16:34:52 3 节点因为 心跳/附加日志 重置了自己的心跳
2024/12/11 16:34:52 5 节点 收到来自 Leader 1 的附加日志请求
2024/12/11 16:34:52 5 节点因为 心跳/附加日志 重置了自己的心跳
2024/12/11 16:34:52 6 节点 收到来自 Leader 1 的附加日志请求
2024/12/11 16:34:52 6 节点因为 心跳/附加日志 重置了自己的心跳
2024/12/11 16:34:52 4 节点超时，开始新一轮的选举，任期 Term = 12
2024/12/11 16:34:52 Candidate 4 节点向 0 节点发送选票请求，当前 Term：13
2024/12/11 16:34:52 Candidate 4 节点向 1 节点发送选票请求，当前 Term：13
2024/12/11 16:34:52 Candidate 4 节点向 2 节点发送选票请求，当前 Term：13
2024/12/11 16:34:52 Candidate 4 节点向 3 节点发送选票请求，当前 Term：13
2024/12/11 16:34:52 Candidate 4 节点向 5 节点发送选票请求，当前 Term：13
2024/12/11 16:34:52 Candidate 4 节点向 6 节点发送选票请求，当前 Term：13
2024/12/11 16:34:53 3 节点超时，开始新一轮的选举，任期 Term = 14
2024/12/11 16:34:53 Candidate 3 节点向 0 节点发送选票请求，当前 Term：15
2024/12/11 16:34:53 Candidate 3 节点向 1 节点发送选票请求，当前 Term：15
2024/12/11 16:34:53 Candidate 3 节点向 2 节点发送选票请求，当前 Term：15
2024/12/11 16:34:53 Candidate 3 节点向 4 节点发送选票请求，当前 Term：15
2024/12/11 16:34:53 Candidate 3 节点向 5 节点发送选票请求，当前 Term：15
2024/12/11 16:34:53 Candidate 3 节点向 6 节点发送选票请求，当前 Term：15
2024/12/11 16:34:53 1 节点 收到来自 Candidate 3 的选票请求，当前支持的是 -1
2024/12/11 16:34:53 5 节点 收到来自 Candidate 3 的选票请求，当前支持的是 1
2024/12/11 16:34:53 6 节点 收到来自 Candidate 3 的选票请求，当前支持的是 6
2024/12/11 16:34:53 0 节点 收到来自 Candidate 3 的选票请求，当前支持的是 1
2024/12/11 16:34:53 Candidate 3 节点收到 1 的回复，投票结果是 false
2024/12/11 16:34:53 Candidate 3 节点收到 5 的回复，投票结果是 true
2024/12/11 16:34:53 Candidate 3 节点收到 6 的回复，投票结果是 false
2024/12/11 16:34:53 Candidate 3 节点收到 0 的回复，投票结果是 true
2024/12/11 16:34:53 Candidate 2 节点向 0 节点发送选票请求，当前 Term：13
2024/12/11 16:34:53 Candidate 2 节点向 1 节点发送选票请求，当前 Term：13
2024/12/11 16:34:53 Candidate 2 节点向 3 节点发送选票请求，当前 Term：13
2024/12/11 16:34:53 Candidate 2 节点向 4 节点发送选票请求，当前 Term：13
2024/12/11 16:34:53 Candidate 2 节点向 5 节点发送选票请求，当前 Term：13
2024/12/11 16:34:53 Candidate 2 节点向 6 节点发送选票请求，当前 Term：13
2024/12/11 16:34:53 Candidate 4 节点向 0 节点发送选票请求，当前 Term：14
2024/12/11 16:34:53 Candidate 4 节点向 1 节点发送选票请求，当前 Term：14
2024/12/11 16:34:53 Candidate 4 节点向 2 节点发送选票请求，当前 Term：14
2024/12/11 16:34:53 Candidate 4 节点向 3 节点发送选票请求，当前 Term：14
2024/12/11 16:34:53 Candidate 4 节点向 5 节点发送选票请求，当前 Term：14
2024/12/11 16:34:53 Candidate 4 节点向 6 节点发送选票请求，当前 Term：14
2024/12/11 16:34:53 6 节点超时，开始新一轮的选举，任期 Term = 17
2024/12/11 16:34:53 Candidate 6 节点向 0 节点发送选票请求，当前 Term：18
2024/12/11 16:34:53 Candidate 6 节点向 1 节点发送选票请求，当前 Term：18
2024/12/11 16:34:53 Candidate 6 节点向 2 节点发送选票请求，当前 Term：18
2024/12/11 16:34:53 Candidate 6 节点向 3 节点发送选票请求，当前 Term：18
2024/12/11 16:34:53 Candidate 6 节点向 4 节点发送选票请求，当前 Term：18
2024/12/11 16:34:53 Candidate 6 节点向 5 节点发送选票请求，当前 Term：18
2024/12/11 16:34:53 0 节点 收到来自 Candidate 6 的选票请求，当前支持的是 3
2024/12/11 16:34:53 5 节点 收到来自 Candidate 6 的选票请求，当前支持的是 3
2024/12/11 16:34:53 3 节点 收到来自 Candidate 6 的选票请求，当前支持的是 -1
2024/12/11 16:34:53 1 节点 收到来自 Candidate 6 的选票请求，当前支持的是 -1
2024/12/11 16:34:53 Candidate 6 节点收到 0 的回复，投票结果是 true
2024/12/11 16:34:53 Candidate 6 节点收到 5 的回复，投票结果是 true
2024/12/11 16:34:53 Candidate 6 节点收到 3 的回复，投票结果是 true
2024/12/11 16:34:53 Candidate 6 节点收到 1 的回复，投票结果是 true
2024/12/11 16:34:53 6 赢得了选举, 作为 Leader 的任期 Term 是 18
2024/12/11 16:34:53 Leader 6 第 1 次 发送心跳
2024/12/11 16:34:53 1 节点 收到来自 Leader 6 的附加日志请求
2024/12/11 16:34:53 1 节点因为 心跳/附加日志 重置了自己的心跳
2024/12/11 16:34:53 5 节点 收到来自 Leader 6 的附加日志请求
2024/12/11 16:34:53 5 节点因为 心跳/附加日志 重置了自己的心跳
2024/12/11 16:34:53 3 节点 收到来自 Leader 6 的附加日志请求
2024/12/11 16:34:53 3 节点因为 心跳/附加日志 重置了自己的心跳
2024/12/11 16:34:53 0 节点 收到来自 Leader 6 的附加日志请求
2024/12/11 16:34:53 0 节点因为 心跳/附加日志 重置了自己的心跳
2024/12/11 16:34:53 Candidate 2 节点向 0 节点发送选票请求，当前 Term：14
2024/12/11 16:34:53 Candidate 2 节点向 1 节点发送选票请求，当前 Term：14
2024/12/11 16:34:53 Candidate 2 节点向 3 节点发送选票请求，当前 Term：14
2024/12/11 16:34:53 Candidate 2 节点向 4 节点发送选票请求，当前 Term：14
2024/12/11 16:34:53 Candidate 2 节点向 5 节点发送选票请求，当前 Term：14
2024/12/11 16:34:53 Candidate 2 节点向 6 节点发送选票请求，当前 Term：14
2024/12/11 16:34:53 Leader 6 第 2 次 发送心跳
2024/12/11 16:34:53 5 节点 收到来自 Leader 6 的附加日志请求
2024/12/11 16:34:53 5 节点因为 心跳/附加日志 重置了自己的心跳
2024/12/11 16:34:53 1 节点 收到来自 Leader 6 的附加日志请求
2024/12/11 16:34:53 3 节点 收到来自 Leader 6 的附加日志请求
2024/12/11 16:34:53 1 节点因为 心跳/附加日志 重置了自己的心跳
2024/12/11 16:34:53 3 节点因为 心跳/附加日志 重置了自己的心跳
2024/12/11 16:34:53 0 节点 收到来自 Leader 6 的附加日志请求
2024/12/11 16:34:53 0 节点因为 心跳/附加日志 重置了自己的心跳
2024/12/11 16:34:53 Leader 6 第 3 次 发送心跳
2024/12/11 16:34:53 0 节点 收到来自 Leader 6 的附加日志请求
2024/12/11 16:34:53 0 节点因为 心跳/附加日志 重置了自己的心跳
2024/12/11 16:34:53 3 节点 收到来自 Leader 6 的附加日志请求
2024/12/11 16:34:53 3 节点因为 心跳/附加日志 重置了自己的心跳
2024/12/11 16:34:53 1 节点 收到来自 Leader 6 的附加日志请求
2024/12/11 16:34:53 1 节点因为 心跳/附加日志 重置了自己的心跳
2024/12/11 16:34:53 5 节点 收到来自 Leader 6 的附加日志请求
2024/12/11 16:34:53 5 节点因为 心跳/附加日志 重置了自己的心跳
2024/12/11 16:34:53 Candidate 2 节点向 0 节点发送选票请求，当前 Term：15
2024/12/11 16:34:53 Candidate 2 节点向 1 节点发送选票请求，当前 Term：15
2024/12/11 16:34:53 Candidate 2 节点向 3 节点发送选票请求，当前 Term：15
2024/12/11 16:34:53 Candidate 2 节点向 4 节点发送选票请求，当前 Term：15
2024/12/11 16:34:53 Candidate 2 节点向 5 节点发送选票请求，当前 Term：15
2024/12/11 16:34:53 Candidate 2 节点向 6 节点发送选票请求，当前 Term：15
2024/12/11 16:34:53 Candidate 4 节点向 0 节点发送选票请求，当前 Term：15
2024/12/11 16:34:53 Candidate 4 节点向 1 节点发送选票请求，当前 Term：15
2024/12/11 16:34:53 Candidate 4 节点向 2 节点发送选票请求，当前 Term：15
2024/12/11 16:34:53 Candidate 4 节点向 3 节点发送选票请求，当前 Term：15
2024/12/11 16:34:53 Candidate 4 节点向 5 节点发送选票请求，当前 Term：15
2024/12/11 16:34:53 Candidate 4 节点向 6 节点发送选票请求，当前 Term：15
2024/12/11 16:34:53 Leader 6 第 4 次 发送心跳
2024/12/11 16:34:53 1 节点 收到来自 Leader 6 的附加日志请求
2024/12/11 16:34:53 1 节点因为 心跳/附加日志 重置了自己的心跳
2024/12/11 16:34:53 5 节点 收到来自 Leader 6 的附加日志请求
2024/12/11 16:34:53 3 节点 收到来自 Leader 6 的附加日志请求
2024/12/11 16:34:53 3 节点因为 心跳/附加日志 重置了自己的心跳
2024/12/11 16:34:53 5 节点因为 心跳/附加日志 重置了自己的心跳
2024/12/11 16:34:53 0 节点 收到来自 Leader 6 的附加日志请求
2024/12/11 16:34:53 0 节点因为 心跳/附加日志 重置了自己的心跳
2024/12/11 16:34:53 Leader 6 第 5 次 发送心跳
2024/12/11 16:34:53 0 节点 收到来自 Leader 6 的附加日志请求
2024/12/11 16:34:53 0 节点因为 心跳/附加日志 重置了自己的心跳
2024/12/11 16:34:53 3 节点 收到来自 Leader 6 的附加日志请求
2024/12/11 16:34:53 3 节点因为 心跳/附加日志 重置了自己的心跳
2024/12/11 16:34:53 5 节点 收到来自 Leader 6 的附加日志请求
2024/12/11 16:34:53 5 节点因为 心跳/附加日志 重置了自己的心跳
2024/12/11 16:34:53 1 节点 收到来自 Leader 6 的附加日志请求
2024/12/11 16:34:53 1 节点因为 心跳/附加日志 重置了自己的心跳
2024/12/11 16:34:53 Candidate 2 节点向 0 节点发送选票请求，当前 Term：16
2024/12/11 16:34:53 Candidate 2 节点向 1 节点发送选票请求，当前 Term：16
2024/12/11 16:34:53 Candidate 2 节点向 3 节点发送选票请求，当前 Term：16
2024/12/11 16:34:53 Candidate 2 节点向 4 节点发送选票请求，当前 Term：16
2024/12/11 16:34:53 Candidate 2 节点向 5 节点发送选票请求，当前 Term：16
2024/12/11 16:34:53 Candidate 2 节点向 6 节点发送选票请求，当前 Term：16
2024/12/11 16:34:53 Candidate 4 节点向 0 节点发送选票请求，当前 Term：16
2024/12/11 16:34:53 Candidate 4 节点向 1 节点发送选票请求，当前 Term：16
2024/12/11 16:34:53 Candidate 4 节点向 2 节点发送选票请求，当前 Term：16
2024/12/11 16:34:53 Candidate 4 节点向 3 节点发送选票请求，当前 Term：16
2024/12/11 16:34:53 Candidate 4 节点向 5 节点发送选票请求，当前 Term：16
2024/12/11 16:34:53 Candidate 4 节点向 6 节点发送选票请求，当前 Term：16
2024/12/11 16:34:53 Leader 6 第 6 次 发送心跳
2024/12/11 16:34:53 0 节点 收到来自 Leader 6 的附加日志请求
2024/12/11 16:34:53 0 节点因为 心跳/附加日志 重置了自己的心跳
2024/12/11 16:34:53 1 节点 收到来自 Leader 6 的附加日志请求
2024/12/11 16:34:53 1 节点因为 心跳/附加日志 重置了自己的心跳
2024/12/11 16:34:53 3 节点 收到来自 Leader 6 的附加日志请求
2024/12/11 16:34:53 3 节点因为 心跳/附加日志 重置了自己的心跳
2024/12/11 16:34:53 5 节点 收到来自 Leader 6 的附加日志请求
2024/12/11 16:34:53 5 节点因为 心跳/附加日志 重置了自己的心跳
2024/12/11 16:34:53 Leader 6 第 7 次 发送心跳
2024/12/11 16:34:53 5 节点 收到来自 Leader 6 的附加日志请求
2024/12/11 16:34:53 1 节点 收到来自 Leader 6 的附加日志请求
2024/12/11 16:34:53 4 节点 收到来自 Leader 6 的附加日志请求
2024/12/11 16:34:53 4 节点从 Candiadate 变成了 Follower
2024/12/11 16:34:53 4 节点因为 心跳/附加日志 重置了自己的心跳
2024/12/11 16:34:53 3 节点 收到来自 Leader 6 的附加日志请求
2024/12/11 16:34:53 3 节点因为 心跳/附加日志 重置了自己的心跳
2024/12/11 16:34:53 1 节点因为 心跳/附加日志 重置了自己的心跳
2024/12/11 16:34:53 0 节点 收到来自 Leader 6 的附加日志请求
2024/12/11 16:34:53 0 节点因为 心跳/附加日志 重置了自己的心跳
2024/12/11 16:34:53 2 节点 收到来自 Leader 6 的附加日志请求
2024/12/11 16:34:53 2 节点从 Candiadate 变成了 Follower
2024/12/11 16:34:53 2 节点因为 心跳/附加日志 重置了自己的心跳
2024/12/11 16:34:53 5 节点因为 心跳/附加日志 重置了自己的心跳
2024/12/11 16:34:53 Leader 6 第 8 次 发送心跳
2024/12/11 16:34:53 5 节点 收到来自 Leader 6 的附加日志请求
2024/12/11 16:34:53 3 节点 收到来自 Leader 6 的附加日志请求
2024/12/11 16:34:53 0 节点 收到来自 Leader 6 的附加日志请求
2024/12/11 16:34:53 5 节点因为 心跳/附加日志 重置了自己的心跳
2024/12/11 16:34:53 0 节点因为 心跳/附加日志 重置了自己的心跳
2024/12/11 16:34:53 2 节点 收到来自 Leader 6 的附加日志请求
2024/12/11 16:34:53 2 节点因为 心跳/附加日志 重置了自己的心跳
2024/12/11 16:34:53 4 节点 收到来自 Leader 6 的附加日志请求
2024/12/11 16:34:53 4 节点因为 心跳/附加日志 重置了自己的心跳
2024/12/11 16:34:53 3 节点因为 心跳/附加日志 重置了自己的心跳
2024/12/11 16:34:53 1 节点 收到来自 Leader 6 的附加日志请求
2024/12/11 16:34:53 1 节点因为 心跳/附加日志 重置了自己的心跳
2024/12/11 16:34:54 Leader 6 第 9 次 发送心跳
2024/12/11 16:34:54 2 节点 收到来自 Leader 6 的附加日志请求
2024/12/11 16:34:54 2 节点因为 心跳/附加日志 重置了自己的心跳
2024/12/11 16:34:54 0 节点 收到来自 Leader 6 的附加日志请求
2024/12/11 16:34:54 5 节点 收到来自 Leader 6 的附加日志请求
2024/12/11 16:34:54 0 节点因为 心跳/附加日志 重置了自己的心跳
2024/12/11 16:34:54 5 节点因为 心跳/附加日志 重置了自己的心跳
2024/12/11 16:34:54 3 节点 收到来自 Leader 6 的附加日志请求
2024/12/11 16:34:54 3 节点因为 心跳/附加日志 重置了自己的心跳
2024/12/11 16:34:54 1 节点 收到来自 Leader 6 的附加日志请求
2024/12/11 16:34:54 1 节点因为 心跳/附加日志 重置了自己的心跳
2024/12/11 16:34:54 4 节点 收到来自 Leader 6 的附加日志请求
2024/12/11 16:34:54 4 节点因为 心跳/附加日志 重置了自己的心跳
2024/12/11 16:34:54 Leader 6 第 10 次 发送心跳
2024/12/11 16:34:54 5 节点 收到来自 Leader 6 的附加日志请求
2024/12/11 16:34:54 5 节点因为 心跳/附加日志 重置了自己的心跳
2024/12/11 16:34:54 3 节点 收到来自 Leader 6 的附加日志请求
2024/12/11 16:34:54 3 节点因为 心跳/附加日志 重置了自己的心跳
2024/12/11 16:34:54 4 节点 收到来自 Leader 6 的附加日志请求
2024/12/11 16:34:54 4 节点因为 心跳/附加日志 重置了自己的心跳
2024/12/11 16:34:54 1 节点 收到来自 Leader 6 的附加日志请求
2024/12/11 16:34:54 1 节点因为 心跳/附加日志 重置了自己的心跳
2024/12/11 16:34:54 2 节点 收到来自 Leader 6 的附加日志请求
2024/12/11 16:34:54 0 节点 收到来自 Leader 6 的附加日志请求
2024/12/11 16:34:54 2 节点因为 心跳/附加日志 重置了自己的心跳
2024/12/11 16:34:54 0 节点因为 心跳/附加日志 重置了自己的心跳
  ... Passed --   6.1  7  702  142556    0
PASS
ok  	6.5840/raft	14.691s
